893 1
884 1
923 1
948 1
970 1
999 1
124 1
156 1
161 1
162 1
29 1
117 1
85 1
56 1
20 1
0 1
1058 1
1152 1
1046 1
1021 1
1081 1
1080 1
1105 1
1127 1
1186 1
1166 1
1159 1
1921 1
1930 1
1859 1
1839 1
1855 1
2036 1
2005 1
1977 1
1810 1
1779 1
2107 1
2075 1
2059 1
1891 1
1886 1
1907 1
1751 1
1771 1
2111 1
2143 1
1251 1
1229 1
1214 1
1274 1
1309 1
1340 1
1308 1
1287 1
1367 1
1395 1
1425 1
1415 1
1521 1
1500 1
1547 1
1606 1
1575 1
1616 1
1673 1
1619 1
1651 1
1666 1
1465 1
1483 1
1724 1
1746 1
2698 1
1702 1
1433 1
1455 1
2720 1
2181 1
2727 1
2176 1
2150 1
845 1
867 1
181 1
187 1
170 1
215 1
247 1
257 1
217 1
285 1
306 1
337 1
288 1
1706 1
380 1
364 1
402 1
413 1
1800 1
453 1
426 1
464 1
504 1
487 1
550 1
515 1
568 1
535 1
1950 1
584 1
579 1
640 1
613 1
627 1
678 1
652 1
731 1
714 1
692 1
797 1
814 1
740 1
765 1
2788 1
2757 1
2844 1
2820 1
2868 1
2876 1
2893 1
2414 1
2936 1
2924 1
2965 1
2988 1
2509 1
2527 1
2531 1
3025 1
2596 1
2586 1
3057 1
2202 1
2234 1
2408 1
2683 1
2490 1
2443 1
2472 1
2611 1
2625 1
2623 1
2255 1
2238 1
2260 1
2557 1
2281 1
2492 1
2284 1
2321 1
2293 1
2357 1
2335 1
2376 1
2389 1
2993 1
2656 1
2647 1
3088 1
3071 1
