572 2 3 4 5 7
667 6
72 3 4 5
786 1 2 3 5 7
1011 1 2 3 4 5 6 7 8
248 2 3 4 6
310 4 7 8
112 1 2 3 4 5 6 7 8
606 1
467 1 4 8
547 1
0 8
376 1 2 3 4 6 7 8
702 1 2 3 4 5 7 8
43 3 4 5 7
242 2 3 4 5 6 7
933 1 3 4 5
933 2 7 8
878 1 2 3 4 5 6 7 8
20 2 6 8
103 1 2 3 4 5 6 7
204 1 2 3 4 5 6 7
131 1 2 3 4 5 6
319 1 2 3 4 5 6
0 7
213 1 2 3 4 5 6 7 8
310 1 2 3 5 6
242 1 8
297 1 5 7
0 1 2 3 4 5 6
20 1
131 7 8
20 3 4 5
807 1 2 3 4 6 7 8
507 2 3 5 6
572 6 8
394 1 2 3 4 5 6 7 8
663 1 2 3 4 5 7
467 2 3 5 6 7
967 1 2 3 4 5 7
