54 1 3 4
1 2 3 4 5 6
199 1 3
460 3
333 1 3 4 5
777 1 2 3 4 5
199 4
525 5 6
677 4
7 5
347 1 3 4 5
249 1 3
964 1 2 4
460 1 2
530 1 2 3
638 1 2 4
574 4
1132 5 6
1197 5 6
1537 1 4 5 6
1666 1 3 4 6
1761 1 2 3 4 5 6
1710 1 2 3 4
1848 1 2 3 4 5 6
1907 1 2 3 4
1908 1 2 3 4 5 6
906 1 2 3 4 5 6
1999 2 3 5
1999 4 6
1632 1 2 3 4 5 6
2149 1 2 3 5 6
2084 2 3
2128 1 4 5 6
2232 2 6
2285 1 2 5 6
2232 1 3 5
1029 3 6
7 3
0 1
691 1 2 3 5 6
414 1 2 3 4 5 6
0 2 3 4 5 6
70 4
43 1 2 3 4 5 6
964 3 5
1132 1 2 3 4
1027 3 5 6
926 1 2 3 4 5 6
1059 1 2 4 5
1206 1 2 4 5
249 2 5 6
1324 2 3 5
1237 1 2 3 4 5
1215 1 2 3 4 5
1324 4 6
1413 1 2 3 4
1437 1 5 6
1469 1 2 3 4 6
1437 2 3
1537 2 3
590 1 2 4
564 1 2 3
1602 1 2 3 4
2036 1 4 6
2136 4
833 1 2 3 4 5
54 2 5 6
127 2 6
165 1 3 4
172 2 5 6
241 2 3 5 6
112 1 3 5
309 2 6
394 2 6
460 4 5 6
525 4
590 3 5 6
70 1 3
679 3 5 6
7 2 4 6
98 2 6
295 1 3 4
27 1 5
