1130 1 2 3 4 5 6 7 8
1538 3 5
1584 3
1394 3 5
1302 1 3 4 6 7 8
756 2 4 7
2294 1 3
3880 1 2 3 4 5 6 7 8
204 1 4 6 7 8
1994 1 2 3 6 8
642 7 8
950 2 7 8
1882 1 2 4 5 6 7 8
702 1 2 4 6 7
2076 1 2 3 6 8
0 6
3550 1 2 3 4 5 6
3692 4
3692 1 2 3 5 6 7 8
3814 1 2 3 4 5 6 7 8
92 5
0 2 8
114 1 2 3 4 6 7
2494 1
2300 2 4 5 6 7 8
1720 1 2 4 6 8
1994 4 5 7
82 1 3 4 5 6 7
0 1 3 4 5 7
642 1 4
500 1 3 4
120 1 2 3 4 6 7 8
1462 1 2 4 6
1612 1 2 4 5 6
1642 7
106 3 4 6 7 8
1216 2 5
2182 4 5 7
2430 1 3 4
1440 7 8
3152 1 2 3 4 5 6 7 8
2928 2 3 5 6 7 8
1216 1 3 4 6 8
642 2 5 6
1010 1 2 3 4 5 6 7 8
698 3 5 8
500 2 5 6 7 8
14 6
1334 7 8
328 1 2 3 4 5 6 7 8
2686 1 5 8
3440 1 2 3 6
4150 3 4 5 6 7
3270 4 5 8
100 1 2
178 5
100 3 4 6 7 8
92 1 2 3 4 6 7 8
3004 3 6 7 8
2686 2 3 7
2516 2 4 5 6 7 8
44 6
3228 4 8
3044 1 2 4 5
200 1 4 6 7
1334 1 4 6
944 1 3 4 5 6
798 1 2 3 4 5 7 8
3964 1 2 3 4 5 6 7 8
1642 1 2 4 5 6 8
3422 4 5 8
3228 1 2 3 6 7
586 1 2 3 4 5 6 7 8
2688 2 3 4 6 7
2874 1 2 3 4 5 7
200 2 3
756 6
2928 1 4
976 2
944 2 7 8
1772 3 5 7
2494 3
3344 1 3 7
40 2 8
3174 1 2 3 4 5 6 7 8
2148 1 2 3 6 8
2430 2 5 6 7 8
