0 1 3 4 5 6 7
4 2 8
100 2 3 4 5 6 7 8
245 1 2 3 4 5 6 7 8
148 5 6
64 1
153 1 2 3 4
260 1
298 2 3 4 5 6 7 8
355 1 2
580 1 2 3 4 5 6 7 8
436 1
508 1 2 3 4 5 6 7
567 1 2 5 6 7
622 1 2
693 1
325 2 3 4 5 6 7 8
782 1 2 3 4 5 6 7 8
693 2 3 4 5 6 7
871 2 3 7 8
939 1 7
1009 1 2
980 3 5 6 8
1035 3 4 5 6 8
1012 1 2 7
1099 1 4 7
1066 5 6 8
1172 1 2 3 4 5 6 7
1213 1 2 3 4
939 3 4 5 6 8
1216 6
1099 2 3
1286 7 8
1366 5 6 7
1450 2 3 4 5 6 7 8
1518 1 2 3 4 5 6
1634 5 7 8
1612 2 4 5 7 8
1612 3 6
1708 6
1748 1 2 3 4 5 6 7 8
1805 1 2 3
1811 1 2 3 4 5 6 7 8
1825 1 2 3 4 5 6
1836 1 2 3 4 5 6 7
1866 7
1866 4 6 8
1931 1 2 3 4 5 6 7 8
1866 2 3 5
1942 1 2 3 4 5 6 7 8
2016 2 3 5 6 7
2074 1 2 3 4 5 6 7
2135 1 2 3 4 5 6
1947 1 2 3 4 5 6 7 8
2131 2 3 7
2016 1 4 8
2142 1 2 3 4 5 6 7 8
2322 1 2 3 4 5 6 7 8
2175 1 2 3
2238 1 2 3 4 5 7
2413 1 2 3 4 5 6 7
2438 1 2 3 4 5 6 7
2238 6 8
2531 1 2 3 4 5
2595 2 6
2597 2 3 8
2655 2 8
2722 6
2597 1 4 5 6 7
2722 1 2 3 4 5 7 8
2818 1 3 4 5 8
2896 1 3 4 5 8
2817 6
2920 6
2920 1 2 3 4 5 7 8
1889 1 2 3 4 5 6
713 2 3 4 5 7 8
2723 1 2 3 4 5 7 8
401 3 6 8
2975 1 3 4 5 6
148 7
2818 2 7
2845 2
353 4
3048 5 6 7
3132 1 2 3 4 5 6 7 8
3214 1
622 3 4 5 6 8
0 8
260 2 3 4 5 6 7 8
277 8
277 2 3 4 5 6 7
273 2 3 4 5 6 7 8
281 2 3 4 5 6 7
353 5 7
64 4 5
353 3 6 8
446 2 5 7
64 6 7
148 8
