2138 2 3 4 5 6 7 8 9
360 1 2 3 4 5 6 7 8 9 10 11 12
2214 1 2 3 4 5 6 7 8 9 10 11 12 13 14 15 16 17 18
1768 1 2 3 4 5 6 7 8 9 10 11 12 13 14 15 16 17 18 19 20 21 22 23 24 25 26 27 28 29 30 31 32 33 34 35 36
10413 1 2 3 4 5 6 7 8 9 10 11 12 13 14 15 16 17 18 19 20 21 22 23 24 25 26 27 28 29 30 31 32 33 34 35 36
1858 1 2 3 4 5 6
720 13 14 15 16 17 18 19 20 21 22 23 24 25 26 27
2241 1 2 3 4 5 6 7 8 9 10 11 12 13 14 15 16 17 18 19 20 21 22 23 24 25 26 27 28 29 30 31 32 33
2286 1 2 3 4 5 6 7 8 9 10 12 13 14 15 16 17 18 19 20 21 22 23 24 25 26 27 30
2342 18 19 20 21 22 23 24 25 26
2421 1 2 3 4 5 6 7 8 9 10 11 12 13 14 15 16 17 18 19 20 21 22 23 24
2342 1 2 3
2464 1 2 3 4 5 6 7 8 9 10 11 12 13 14 15 16 17 18 19 20 21 22
1235 10 11 12 13 14 15 16 17 18 19 20
1263 11
365 1 2 3 4 5 6 7 8 9 10 11 12 13 14 15 16 17 18 19 20 21 22 23 24 25 26 27 28 29 30 31 32
2481 1 2 3 4 5
563 1 2 3 4 5 6 7 8 9 10 11 12 13 14 15 16 17 18 19 20 21 22 23 24 25 26 27
2549 1 2 3 4 5 6 7 8 9 10 11 12 13 14 15 16 17 18 19 20 21 22 23 24 25 26 27 28 29 30
2626 1 2 3 4 5 6 7 8 9 10 11 12 13 14 15 16 17 18 19 20 21 22 23 24 25 26 27
982 1 2 3 4 5 6 7 8 9 10 11 12 13 14 15 16 17 18 19 20 21 22 23 24 25
1122 20 21 22 23 24 25 26 27 28 29
1035 10 11 12 13 14 15 16 17 18 19
824 1 2 3 4 5 6 7 8 9 10 11 12 13 14 15 16 17 18 19 20 21 22 23 24 25 26 27 28 29 30 31 32 33 34
202 5 6 7 8
603 1 2 3 4 5 6 7 8 9 10 11 12 13 14
813 1 2 3 4 5 6 7 8 9 10 11 12 13 14 15 16
655 1 2 3 4 5 6 7 8 9 10 11 12
837 1 2 3 4 5 6 7 8 9 10 11 12 13 14 15
413 1 2 3 4 5 6
720 1 2 3 4 5 6 7 8
2676 1 2 3 4 5 6 7 8 9 10 11 12 13 14 15 16 17 18 19 20
2787 1 2 3 4 5 6 7 8 9 10 11 12 13 14 15 16 17 18 19 20 21 22 23 24 25 26 27 28
2901 1 2 3 4 5 6 7 8 9 10 11 12 13 14 15 16 17 18 19 20 21 22 23 24 25 26 27 28 29 30
2990 1 2 3 4 5 6 7 8 9 10 11 12 13 14 15 16 17 18 19 20 21 22 23 24 25 26 27 28 29 30 31 32 33 34 35 36
3219 1 2 3 4 5 6 7 8
1309 1 2 3 4 5 6 7 8 9 10 11 12
0 34 35
873 1 2 3 4 5 6 7 8 9 10 11 12 13 14 15 16 17 18 19 20 21 22 23 24 25 26 27 28 29 30 31 32 33 34 35
1615 1 2 3 4 5 6 7 8 9 10 11 12 13 14 15 16 17 18 19
1235 1 2 3 4 5 6
1459 1 2 3 4 5 6 7 8 9 10 11 12 13 14 15 16 17 18 19 20 21 22 23 24
893 1 2 3 4 5 6 7 8 9 10 11 12 13 14 15 16 17 18 19 20 21 22 23 24 25 26 27 28 29 30 31 32 33 34
1125 1 2 3 4 5 6 7 8 9 10 11 12 13 14 15 16 17 18 19
1137 1 2 3 4 5 6 7 8 9 10 11 12 13 14 15 16 17 18 19
1035 1 2 3 4 5 6 7 8 9
1976 1 2 3 4 5 6 7 8 9 10 11
1909 1 2 3 4 5 6 7 8 9 10 11 12 13 14 15 16
1706 1 2 3 4 5 6 7 8 9 10 11
1585 1 2 3 4 5
1521 1 2 3
1996 1 2 3 4 5 6 7 8 9 10 11 12 13 14
2740 1 2 3 4 5 6 7 8 9 10 11 12 13 14 15 16 17 18 19 20 21 22 23 24 25 26 27 28 29 30 31
2833 1 2 3 4 5 6 7 8 9 10 11 12 13 14 15 16 17
2052 1 2 3 4 5 6 7 8 9 10 11 12 13 14 15 16 17 18 19 20 21 22 23 24 25 26 27 28 29 30 31
2089 1 2 3 4 5 6 7 8 9 10 11 12 13 14 15 16 17 18 19 20 21 22 23 24 25 26 27 28 29 30 31 32 33 34 35
202 1 2 3 4
158 1 2 3 4 5 6 7 8 9 10 11 12 13 14 15 16 17 18 19 20 21 22 23 24 25 26 27
127 1 2 3 4 5 6 7 8 9 10 11 12 13 14 15 16 17 18 19 20 21 22 23 24 25 26 27 28 29 30 31 32 33 34 35
3053 1 2 3 4 5 6 7 8 9 10 11 12 13 14 15 16 17 18
683 1 2 3 4 5 6 7 8 9 10 11 12 13 14 15 16 17 18 19 20 21 22 23 24 25
3143 1 2 3 4 5 6 7 8 9 10 11 12 13 14 15 16 17 18 19 20 21 22 23
2092 1 2 3 4 5 6 7 8 9 10 11 12 13 14 15 16 17 18 19 20 21 22 23
2096 1 2
423 1 2 3 4 5 6 7 8 9 10 11 12 13 14 15 16 17 18 19 20 21
487 1 2 3 4 5 6 7 8 9 10 11 12 13
1840 1 2 3 4 5 6 7 8 9 10 11 12 13 14 15 16 17 18 19 20 21 22 23 24 25 26 27 28 29 30 31
1361 1 2 3 4 5 6 7 8 9 10 11 12 13
1416 1 2 3 4 5 6 7 8 9 10 11 12 13
3312 1 2 3 4 5 6 7 8 9 10 11 12 13 14 15 16 17 18 19 20
3327 1 2 3 4 5 6 7 8 9 10
2383 1 2 3 4 5 6 7 8 9 10 11 12 13
3396 1 2 3 4 5 6 7 8 9 10 11 12 13
3472 1 2 3 4 5 6 7 8 9 10 11 12 13 14 15 16 17 18 19 20 21 22 23 24
3553 1 2 3 4 5 6 7 8 9 10 11 12 13 14 15 16 17 18 19 20 21 22 23 24 25 26 27 28 29 30 31 32 33
3615 1 2 3 4 5 6 7 8 9 10 11 12 13 14
3683 1 2 3 4 5 6 7 8 9 10 11 12 13 14 15 16 17 18 19 20 21 22 23 24 25 26 27 28 29 30 31 32 33 34 35
3739 1 2
3667 1 2 3 4 5 6 7 8 9 10 11 12 13 14 15 16
3817 1 2 3 4 5 6 7 8 9 10 11 12
3799 1 2 3 4 5 6 7 8 9 10 11 12 13 14 15 16 17 18 19 20 21 22 23 24 25 26 27 28
3947 1 2 3 4 5 6 7 8 9 10 11 12 13 14 15 16 17 18 19 20 21 22 23 24 25
3909 1 2 3 4 5 6 7 8 9 10 11 12 13 14 15
4031 1 2 3 4 5 6 7 8 9 10 11 12 13 14 15 16 17 18 19 20
4037 1 2 3 4 5 6 7 8 9 10 11 12 13 14 15 16 17 18 19 20 21 22 23 24
4122 1 2 3 4 5 6 7 8 9 10 11 12 13 14 15 16 17 18 19 20 21 22 23 24 25 26 27 28
4055 1 2 3 4 5 6 7 8 9 10 11 12 13 14 15 16 17 18 19 20 21 22 23 24 25 26 27 28 29 30
4230 1 2 3 4 5 6 7 8 9 10 11 12 13 14 15 16 17 18 19 20
4313 1 2 3 4 5 6 7 8 9 10 11 12 13 14 15 16 17 18 19 20 21 22 23 24 25 26 27 28
4176 1 2 3 4 5 6 7 8 9 10 11 12 13 14 15 16 17 18
4319 1 2 3 4 5 6 7 8 9 10 11 12 13 14 15 16 17
4361 1 2 3 4 5 6 7 8 9 10 11 12 13 14 15 16 17 18 19 20
4523 1 2 3 4 5 6 7 8 9 10 11 12 13 14 15
4430 1 2 3 4 5 6 7 8 9 10
4591 1 2 3
4676 1 2 3 4 5 6 7 8 9 10 11 12 13 14 15 16 17 18 19 20 21
4700 1 2 3 4 5 6 7 8 9 10 11 12 13 14 15 16 17 18 19 20 21 22 23 24 25 26 27 28 29 30
4758 1 2 3 4 5 6 7 8 9 10 11 12 13 14 15 16 17 18 19
4777 1 2 3 4 5 6 7 8 9 10 11 12 13 14 15 16 17 18 19 20 21 22 23 24 25 26 27 28 29 30 31 32 33 34 35 36
4820 1
4769 1 2 3 4 5 6 7 8 9 10 11 12 13 14 15 16 17 18 19 20 21 22 23 24 25 26 27 28 29 30 31 32 33 34
4911 1 2 3 4 5 6 7 8 9 10 11 12 13 14 15 16 17 18 19 20 21 22 23 24 25 26 27 28 29 30 31 32 33
4905 1 2 3 4 5 6 7 8 9 10 11 12 13 14 15 16 17 18 19 20 21 22 23 24 25 26 27 28 29 30 31 32 33 34 35 36
4991 1 2 3 4 5 6 7 8 9 10 11 12 13 14 15 16
5037 1 2 3 4 5 6 7 8 9 10 11 12 13 14 15 16 17 18 19 20 21 22 23 24 25 26 27 28 29 30 31 32 33
5188 1 2 3 4 5 6 7 8 9 10 11 12 13 14 15 16 17
5111 1 2 3 4 5 6 7 8 9 10 11
5374 1 2 3 4 5 6 7 8 9 10 11 12 13 14 15 16 17
5422 1 2 3 4 5 6 7 8 9 10 11 12 13 14 15 16 17 18 19
5504 1 2 3 4 5 6 7 8 9 10 11 12 13 14 15 16 17
5574 1 2 3 4
5621 1 2 3 4 5 6 7 8 9 10 11 12 13 14 15 16 17 18 19 20 21 22 23 24 25 26 27 28
5705 1 2 3 4 5 6 7 8 9 10 11 12 13 14
5283 1 2 3 4 5 6 7 8 9 10 11 12 13 14 15 16 17 18 19 20 21 22 23 24 25 26 27 28 29 30 31 32 33 34
5190 1 2 3 4 5 6 7 8 9 10 11 12
576 1 2 3 4 5 6 7 8 9 10 11 12 13
5810 1 2 3 4 5 6 7 8 9 10 11 12 13 14 15 16 17 18 19 20
5724 1 2 3 4 5 6 7 8 9 10 11 12 13 14 15 16 17 18 19 20 21 22 23
5762 1 2 3 4 5 6 7 8 9 10 11 12 13 14 15 16 17 18 19 20 21 22 23 24 25 26 27 28 29 30 31 32 33 34 35
5862 1 2 3 4 5 6 7 8 9
6006 1 2 3 4 5 6 7 8 9 10 11 12 13 14 15 16 17 18 19 20 21 22 23 24 25 26 27 28 29 30 31 32 33
6026 1 2 3 4 5 6 7 8 9 10 11 12 13 14 15 16 17 18 19 20 21 22 23 24 25 26 27 28 29 30 31 32 33
5921 1 2 3 4 5 6 7 8 9 10 11 12 13 14 15 16 17 18 19 20 21 22 23 24 25 26 27 28 29 30 31 32 33
6112 1 2 3 4 5 6 7 8 9 10 11
6150 1 2 3 4 5 6 7 8 9 10 11
6194 1 2 3 4 5 6 7 8 9 10 11 12 13 14 15 16 17 18 19 20 21 22 23 24 25 26 27 28 29
6311 1 2 3 4 5 6 7 8 9 10 11 12 13 14 15 16 17 18
6248 1 2 3 4 5 6 7 8 9 10 11 12 13 14 15 16 17 18 19 20 21 22 23 24 25 26 27 28 29 30 31 32 33 34 35 36
6370 1 2 3 4 5 6 7 8 9 10 11 12 13 14 15 16 17 18 19 20 21 22
6424 1 2 3 4 5 6 7 8 9 10 11 12 13 14 15 16 17 18 19 20 21 22 23 24 25 26 27 28 29 30 31 32 33 34
6448 1 2 3 4 5 6 7 8 9 10 11 12 13 14 15 16 17 18 19 20
6522 1 2 3 4
6537 1 2 3 4 5 6 7 8 9 10 11 12 13 14 15 16 17 18 19
6621 1 2 3 4 5 6 7 8 9 10 11 12 13 14
6697 1 2
26 1 2 3 4 5 6 7 8 9 10 11 12 13 14 15 16 17 18 19
6785 1 2 3 4 5 6 7 8 9 10 11 12 13 14 15 16 17 18 19 20
6869 1 2 3 4 5 6 7
6960 1 2 3 4 5 6 7 8 9 10 11 12 13 14 15 16 17 18 19 20 21 22 23 24 25 26 27 28 29 30 31 32 33 34
6907 1 2 3 4 5 6 7 8 9 10 11 12 13 14 15 16 17 18 19 20 21 22 23 24 25
7039 1 2 3 4 5 6 7 8 9 10 11 12 13 14 15 16 17 18 19 20 21 22 23 24 25
7120 1 2 3 4 5 6 7 8 9
7164 1 2 3 4 5 6 7 8 9 10 11 12 13 14 15 16 17 18 19
7327 1 2 3 4 5 6 7
7195 1 2 3 4 5 6 7 8 9 10 11 12
7252 1 2 3 4 5 6 7 8 9 10 11 12 13 14 15 16 17 18 19 20 21
39 1 2 3 4 5 6 7 8 9 10 11 12 13 14 15 16 17 18 19 20
0 1 2 3
7388 1 2 3 4 5 6 7 8 9 10 11 12 13 14 15 16 17 18 19 20 21 22 23 24 25 26
7404 1 2 3 4 5 6 7 8 9 10 11 12 13 14 15 16 17 18 19 20 21 22 23 24 25 26 27 28 29 30 31 32 33 34 35
7445 1 2 3 4 5 6 7
7632 1 2 3 4 5 6
7679 1 2 3 4 5 6 7 8 9 10 11 12 13 14 15 16
7540 1 2
313 1 2 3 4 5 6 7 8 9 10 11 12 13 14 15 16 17 18 19 20 21 22 23
266 1 2 3 4 5 6 7 8 9 10 11 12 13 14 15 16 17 18 19 20 21 22 23 24
7689 1 2 3 4 5 6 7 8 9 10
535 1 2 3
1228 1 2 3 4 5 6 7 8 9 10 11 12 13 14 15 16 17 18 19 20 21 22 23 24
7754 1 2 3 4 5 6 7 8 9 10 11 12 13 14 15
7780 1 2 3 4 5 6 7 8 9 10 11 12 13 14 15 16 17 18 19 20 21 22 23 24
552 1 2 3 4 5 6 7 8 9 10 11 12
820 1 2 3 4 5 6 7
579 1 2 3 4 5 6 7 8 9 10 11 12 13 14 15 16 17 18 19 20 21 22 23 24 25 26
7810 1 2 3 4 5 6 7 8 9 10 11 12 13 14 15 16 17 18 19 20 21 22 23 24 25 26 27 28 29 30 31 32 33 34 35 36
7880 1 2 3 4 5 6 7 8 9 10 11 12 13
7962 1
8048 1 2 3 4 5 6 7 8 9 10 11 12 13 14 15 16
2158 1
8064 1
2138 1
8158 1 2 3 4 5 6 7 8 9
8286 1 2 3 4 5 6 7 8 9 10 11 12 13 14 15 16 17 18 19 20 21 22 23 24 25 26 27
8241 1 2 3 4 5 6 7 8 9 10 11 12 13 14 15 16 17 18 19 20 21 22 23
8356 1 2 3 4 5 6 7 8 9 10 11 12 13 14 15 16 17 18 19 20 21 22
8453 1 2 3 4 5 6 7 8 9 10 11 12 13 14 15 16 17 18 19 20 21 22 23 24 25 26 27 28 29 30 31 32 33 34 35
8469 1 2 3 4 5 6 7 8 9 10 11 12
8424 1 2 3 4 5 6 7 8 9
8591 1 2 3 4 5 6 7 8 9 10
8557 1 2 3 4 5 6 7 8
822 1 2
8639 1 2 3 4 5 6 7 8 9 10 11 12 13 14 15 16 17
8652 1 2 3 4 5 6 7 8 9 10 11 12 13 14 15 16 17 18 19 20 21 22 23 24 25 26 27 28 29 30 31 32 33
8697 1 2 3 4 5 6 7 8 9 10 11 12 13 14 15 16 17 18 19 20 21
8776 1 2 3 4 5 6 7 8 9 10 11 12 13 14 15 16 17 18 19
8815 1 2 3 4 5 6 7 8 9 10 11 12 13 14
8840 1 2 3 4 5 6 7 8 9 10 11 12 13 14 15 16
8972 1 2 3 4 5 6 7 8 9 10 11 12 13 14 15 16 17 18 19 20 21 22
9037 1 2 3 4 5 6 7 8 9 10 11 12 13 14 15 16 17 18 19 20 21
8876 1 2 3 4 5 6 7 8 9 10 11 12 13 14 15 16 17
9093 1 2 3 4 5 6 7 8 9 10 11 12 13 14 15 16 17 18 19 20 21 22
9160 1 2 3 4 5 6 7 8 9 10 11 12 13 14 15 16 17 18 19 20 21 22 23
9251 1 2 3 4 5 6 7 8 9 10 11 12 13 14 15 16 17 18 19 20 21 22
9286 1 2
9418 1 2 3 4 5 6 7 8 9 10 11 12 13 14 15 16 17 18 19 20 21 22 23 24 25 26 27 28 29 30 31 32 33 34 35 36
9378 1 2 3 4 5 6 7 8 9 10 11 12 13 14 15 16 17 18 19 20 21 22 23 24 25 26 27 28 29 30 31 32 33 34 35
9438 1 2 3 4 5 6 7 8 9 10 11 12 13 14 15 16 17 18 19 20 21 22 23 24
9560 1 2 3 4 5 6 7 8 9 10
9609 1 2 3 4 5 6 7 8 9 10 11 12 13 14 15 16
9479 1 2 3 4
9698 1 2 3 4 5 6 7 8
9755 1 2 3 4 5 6 7 8 9 10 11 12 13 14 15 16 17 18 19 20 21 22
9786 1 2 3 4 5 6 7 8 9 10 11 12 13 14 15 16 17 18 19 20 21
9847 1 2 3 4 5 6 7 8 9 10 11 12 13
9887 1 2 3 4 5 6 7 8 9 10 11 12
9933 1 2 3 4 5 6 7 8 9 10 11 12 13 14 15
9982 1 2 3 4 5 6 7 8 9 10 11 12 13 14 15 16 17 18 19 20 21
10044 1 2 3 4 5 6 7 8 9 10 11 12 13 14 15 16 17 18 19 20 21 22 23 24 25 26
10004 1 2 3 4 5 6 7 8 9 10 11 12 13 14 15 16
10102 1 2 3 4 5 6 7 8 9 10 11
10150 1 2 3 4 5 6 7 8 9 10 11 12 13 14 15 16 17 18 19
10206 1 2 3 4 5 6 7 8 9 10 11 12
10264 1 2 3 4 5 6 7 8 9 10 11 12 13 14 15 16 17 18 19 20
10491 1 2 3 4 5 6 7 8 9 10 11 12 13 14 15 16 17 18 19 20 21 22 23 24
10582 1 2 3 4 5 6 7 8 9 10 11 12 13 14 15 16 17 18 19
10667 1 2
10324 1 2
10750 1 2 3 4 5 6 7 8 9 10 11 12 13 14 15 16 17 18 19 20 21 22 23 24 25 26 27 28 29 30 31 32 33 34
10837 1 2 3 4 5 6 7 8 9 10 11 12 13 14 15 16 17 18 19 20 21 22 23 24
10930 1 2 3 4 5 6 7 8 9 10 11 12 13 14 15 16 17 18 19 20 21 22 23 24 25 26 27 28 29 30 31
10367 1 2
10381 1 2 3 4 5 6 7 8 9 10 11 12 13 14 15 16 17 18 19 20 21 22 23 24 25 26
10384 1 2 3 4 5 6 7 8 9 10 11 12
11118 1 2 3 4 5 6 7 8 9 10 11 12 13 14 15 16 17 18 19 20 21 22 23 24 25 26 27 28 29 30
11022 1 2 3 4 5 6 7 8 9 10 11 12
11276 1 2 3 4 5 6 7 8 9 10 11 12 13 14 15 16 17 18 19 20 21 22 23 24 25 26 27 28 29 30 31 32
11211 1 2 3 4 5 6 7 8 9 10 11 12 13 14 15 16 17 18 19 20 21 22 23 24
11353 1 2 3 4 5 6 7 8 9 10 11 12 13 14 15 16 17
11437 1 2 3 4 5 6 7 8 9 10 11 12 13 14 15 16 17 18 19 20 21 22 23 24 25 26 27 28 29 30 31 32 33
11531 1 2 3 4 5 6 7 8 9 10 11 12 13
11470 1 2 3 4 5 6 7 8 9 10 11 12 13 14 15 16 17
11583 1 2 3 4 5 6 7 8 9 10 11 12 13 14 15 16 17 18 19 20 21 22 23 24 25 26 27 28 29 30 31 32 33 34 35 36
10391 1 2 3 4 5 6 7 8 9
11669 1 2 3 4 5 6 7 8 9 10 11 12 13 14 15 16 17 18
11693 1
11746 1 2 3 4 5 6 7 8 9 10 11 12 13 14 15 16 17 18 19 20
11806 1 2 3 4 5 6 7
27 1 2 3 4 5 6 7 8 9 10 11 12 13
11963 1 2 3 4 5 6 7 8
11875 1 2 3 4 5 6 7 8 9 10 11 12 13 14 15
11956 1 2 3 4 5 6 7 8 9 10 11 12 13
