57 7
263 1 2 3 4 5 6
56 6
2741 1 2 3 4 5 6 7 8
802 1 3 7
337 1 2 3 4 7 8
370 1 2 3 8
470 1
621 7 8
1138 1 2 3 4 5 6
2405 1 2 3 4 5 6
1296 1 3 6
2368 1 2 3 4 5 6 7
1334 1 2 3 4 5 6
2475 1 2 3 4 5
16 1 2 3 4 5 6
2541 1 2 3 4 5 6 7 8
57 1 3 8
2600 1 2 3 4 5
2836 1 2 3 4 5 6 7
101 1 2 3 4
730 1 3 4 5
132 2 8
817 2 8
895 1 2 3 4 5 6 7
564 1 2 3 5
957 1 2 3
1052 7 8
2793 1 2 3 4 5 7 8
1451 3 4 5 6 7
1499 1 2 3 4 5 6 7
2925 3 4 5 6 7 8
1573 1 2 3 4 5
2243 7
1401 1 2 3 4 5 6 7
209 8
3179 1 2 3 4 5 6 7
1419 1 2 3 4
3396 1 2 3 4 5 6 7 8
1933 1 2 3 4 5 6 7 8
3097 1 2 3 4 5 6 7 8
370 4 6 7
450 1 2 6
1359 1 2 3 4 5 6 7 8
1419 7
450 3 4 5 7 8
501 3 4 7 8
523 3 4 7 8
561 1 2 3 4 5 6 7
564 7
2613 1 2 3 4 5 6 7 8
2302 1 2 3 4 5 6
3272 1 2 4 5 8
2687 1 2 6
3571 5 6
0 1 2 3 4 5 6 7
17 7 8
132 1 3 4 5 6 7
209 1 2 3 4 5 6 7
300 1 2 5 8
652 7
324 1 2 3 4 5 6 7 8
333 2 6 7 8
1807 1 3 6
1888 1 2 3 5 6 7 8
1990 1 2 3 4 5 6 7
2940 1 2 3 4 5 6
56 2 4
1232 1 2 3
1313 2 7 8
1328 7 8
730 2 6 8
470 2 6
527 5 6
1731 1 2 3 4 5 6 7 8
1795 1 2 3 4 5 6
2015 1 2 3 4 5 6 7 8
2079 7 8
3004 1 2 3 4 5 6
3480 1 2 3 4 5 6 7 8
3571 1 2 3 4 7 8
3326 1 2 3 4 5 6 7 8
2079 1 2 3 4 5
2167 1 2 3
2261 1 2 3
1232 5 8
1583 7 8
2291 1 2 3 4 5 6 7 8
3251 1 2 3 4 5 6 7 8
3961 1 2 3 4 5 6 7 8
188 1 3 4 5 6 7
982 1 2 3 4 5 6 7 8
1052 1 2 3 4 5 6
613 1 2 3 4 5 6
707 1 2 3 4 5 6
1666 1 2 3 4 5 6
