1345 2 5
502 5
199 4
1311 1
1843 2 3
855 3
462 1 2 3 5
1725 1
740 1 3
467 2
2353 1 2 4 5
1604 1 3 4
2637 1 2 3 4 5
126 3
2712 1 2 3 4 5
2608 2 3 4
575 2 3
2876 1 2 3 4 5
811 1 5
641 3 5
2803 2
2429 1 2 3 4 5
2057 5
1538 1 3
681 4
2106 1 2 3 4
2057 1 2 3 4
1725 3 4
1520 2 4 5
0 1 3 4 5
1214 1 2 3 5
634 2 4
874 4
911 3 5
2803 1
740 2
843 2 3 4 5
2520 1 2 3 4 5
1840 1 4 5
1725 2
1795 1 2 3 4 5
1679 1 2 3 4 5
1973 2 3 4 5
1590 5
1060 1 2 3 5
1457 3 5
217 3
679 1 2 3 5
217 1 2
1199 1 2 3 4 5
123 2
318 2
902 1 2 4
766 2 4
1098 1 3
123 4 5
112 1 2 3 4
1352 3 4
382 2 5
212 1 2 5
2266 4
467 1 3 4
284 2
1725 5
1920 1 2 3 4 5
1965 1
1189 1 2 3 4 5
280 1 3 4 5
1259 1 2 4 5
966 5
1112 2 4 5
542 2 3 4 5
217 5
975 1 2 3 4
1311 4
740 5
17 1 2 3 4 5
31 1 2 3 4 5
1590 2
2266 1 3
2977 1 2 3 4 5
2179 1 2 3 4 5
857 1 2
492 1 2 3 4 5
1259 3
502 1 2 3 4
470 3 4
2541 1 2 3 4 5
1392 1 2 5
855 5
1465 1 2 4
151 1 2 4 5
43 1 2 3 4 5
251 1 2 5
797 2 3 4
664 1 2 3 4
374 1 3 4
544 1
605 1 5
36 1 2 3 4 5
