1718 3 6 7 8
0 2
1729 4
0 1
75 1 2
132 1
199 1
270 1
109 7
338 1
423 1 5
478 1 5
1 4 5 7
612 1 5 6
679 1 2 3 4 6 7
774 1 4 7
847 1
925 1 2 4 5 6 7
235 2
1642 6 7 8
1631 1
551 1
1161 1 2 3
1015 8
1782 1
69 5 7
1574 8
1531 2 3
347 5
1499 3
594 8
1417 1 2 3 4 6 8
259 3 4 5 6 7 8
1417 5 7
328 2
172 2
157 2 3 5 6 7
1499 2
60 6
414 2 3 4 6 7 8
1814 2 3 4 5 6 7 8
67 1
855 2 3 4 5 6 7 8
70 1
1663 5
1106 6
1718 1
1006 1 2 3 4 5 6 7
132 2 4 6 7
1734 7
1769 3
1094 1 2 3 4 5
1347 2 8
514 2 3 4 6 7 8
1565 7
1574 4
1693 2 4
1694 1 3
1565 1 4 5 6 8
1589 4
1604 2 3 4
774 2 3 5 6 8
60 3 8
1165 4 5 8
1165 7
1438 5 7
1104 8
1094 7
1631 5
347 3 6 7 8
1256 7
925 3
1734 2 5 6 8
969 3
109 5
68 4
1250 1 2 3 4 5 6 8
0 3 6 8
347 4
1344 1 3 4 5 6 7
551 5
1499 1 4 5 6 7 8
925 8
509 3 6 7 8
1734 3
145 8
593 2 3 4 7
684 8
1574 1 5 6
1182 4 5 6 8
172 3 5 6 7 8
683 5
157 4
