1480 1 2 3 4 5 6 7 8
1335 2 7
1252 1 2 3 4 5 6 7 8
1705 1 2 3 4 5 6 7 8
1052 1 2 5 7
701 1 2 4 5 6 7
96 1 3
5 2 3 4 7
1052 3 4 6 8
909 1 3 6 8
2372 1 2 3 4 5 6 7 8
2288 1 2 3 4 5 6
2250 1 2 3 4 5 6 7 8
561 4 7 8
480 2 4 7 8
267 1 2 3 4 5 7
992 1 2 4 5 7
751 5 8
2 6
2482 4 5 6
2419 1 2 3 4 5 6 7
1923 1 2 3 4 5 6 8
365 8
66 8
0 2 3 4 6 7
218 1 2 3 4 5 6 7 8
67 2 3 4 5 6 7
0 5 8
1776 1 2 3 4 5 6 8
977 3 6 8
18 3 6 7
2166 1 2 3 5
1818 1 2 3 4 5 6 7 8
1610 1 2 4 5 8
104 8
18 2 4
355 1 3 7
790 3 4 6 7
257 6 8
1335 1 3 4 5 6 8
1176 1 2 4 5 6 8
257 1 2 3 4 5 7
2073 3 4 5 6 7 8
1997 1 2 4 5 8
1133 3
841 1 2 3 4 5 6 7 8
232 1 2 3 4 5 6 7 8
1860 1 2 3 4 5 6 7 8
909 2 4 5 7
330 2 4 5 6
29 2 3 4 6 7
92 7
1429 1 2 3 4 5 6 8
1378 1 2 3 4 5 6 8
355 8
330 1 3 7 8
403 1 3 4 5
122 2 4 5 6
0 1
362 2 4 5 6
74 2 4 5 6
674 1 2 3 4 5 6 7 8
618 1 2 3 4 5 6 7 8
403 2 6 7
1610 3 6 7
1542 1 3 4 5 6 7 8
2 2 3 4 7
565 1 2 3 5 6
163 1 3 7
480 1 3 5 6
1134 4 5 6 8
751 1 2 3 4 6 7
74 3 7
