0 2 3
0 1 5
601 1 2 4
0 4
918 1 2 4 6
209 3 4
503 1 2 3 4 5
1699 3 6
599 5
616 1 2 3 4 5 6
1218 1 2 3 5
670 1 2 3 4 5 6
1329 1 3 4 5
705 1 2 3 4 5 6
1067 1 2 3 4 5 6
2334 1 2 3 4 5
1146 1 2 3 4
2671 1 2 3 4 5
0 6
15 1 2 3
8 1
390 5 6
1431 1 2 3 4 5
443 5 6
937 1 2 3
1849 2 6
1137 1 2 3 4 5
2894 1 2 3
1829 1 2 4 5 6
307 1 2 3 4 5 6
394 1 2 3 4
453 1 3
462 1 2 3 4
477 1 2
25 1
1452 1 2 3 4 5 6
81 2
634 1 2 3
2123 1 2 3 4 5
878 1 2 3 4 5
995 4 5 6
1928 1 2 3 4 5 6
250 1 2
2014 5
390 1 2 3
526 2 3 4 5 6
2816 1 2 3 4 5
598 2 3 5
2393 1 2 3 4 5 6
2737 1 2 3
268 5 6
25 2 3
777 4 5 6
2 6
859 1 2 4 6
57 4 5
142 1 3 4 5 6
250 5 6
205 6
294 1 2 3 4 5 6
222 1 2 5 6
165 1 2 3 4 5 6
2165 1 2 3 4
204 1 2 3 4 5 6
1708 1 2 3 4 5 6
2275 1 2 3 4 5
1778 1 3 4 5
2208 1 2 3 4 5
1 6
205 1 2 5
52 4
81 1 3
1197 1 2 3 4 5
706 3 6
759 1 2 3
1065 4 5
1032 1 2 3 4 5
2042 1 2 3
1043 1 2 3 4 5
1246 1 2 3 4 5 6
1372 1 2 3 4
1564 1 2
1684 1 2 3 4
1778 2 6
8 5
1528 1 2 3 4 5 6
58 6
706 2 4 5
2454 1 2 3 4 5
1488 2 3 4 5 6
1564 4 5 6
1598 1 2 3 4 5 6
33 2 3
2014 1
77 1 2 3
1851 1 2 3 4 5
2995 1 2 3 4 5
1923 1 3 6
2496 1 2 3 4 5 6
2557 1 3 5
