858 3 5
2033 1 2
2791 1 2 3 4 5 8
320 3 7
1337 1 2 3 4 5
2 1 3 4
0 2 5 6
1181 1 2 8
924 1
1072 6 8
70 1 2 4 6
268 2 3 4 5 7
632 7 8
706 6 7 8
795 1 2 3 4 5 6 7 8
783 1 2 3 7
1214 4 5
822 6
899 3 6
1072 1 2 4 7
1816 1 2 3 4 5 6 7
1575 1 2 3 7
2667 1 2 3 4 5 6 7 8
2748 3 6 7
2776 1 2 3 5 6 8
3735 1 2 3 4 5 6 7 8
924 2 3 4 5 6 7 8
858 1 2
1014 3 7
2439 1 2 5
699 1 2
1599 4 5 6
2102 2 5 6
2157 1 2 3 4 5 6
632 5
719 4 5
1270 1 2 3 5 7
822 1 2 3 4 5 7 8
1522 4 5 6 8
1928 1 2 3 4 5 6 7 8
1008 1 2 4 6 8
2022 1 2 3 4 5 6 7 8
1331 1 2 4 5 8
363 1 4 6 7 8
3089 1 2 3 4 5 6 7 8
4 1 2 3 4 5 6 7
72 5 7 8
89 3 5
150 1 8
2362 1 2 3 4
2490 1 2 3 4 5
2572 1 2 3 4 5
2629 7 8
91 7 8
594 1 2 3 4 5 6 7
633 1 2 3 4
2846 1 2 3 4 5 6 7 8
150 2 3 4 5 6 7
458 1 2 3 4 5 6 7 8
267 8
537 1 2 3 4 5 6 7 8
442 1
1705 1 2 3 4 5 6 7
1643 1 2 8
1890 1 2 3 4 5 6 7 8
584 1 2 4 5 8
1913 1 2 3 4 5 6 7 8
858 4 7 8
428 1
1335 1 2 3 4 5 7
1522 1 2 3 7
428 4 7
2936 1 2 3 4 5
1433 1 2 4 6 7 8
2320 1 2 3 4 5 6 7 8
0 8
195 1 2 3 4 5 6 7 8
267 1 6
327 1 2
363 2 3 5
1132 1 2 3 4 5 6 7 8
2227 1 3 4 5 7
1172 4 5
1487 1 2 3 4 5 8
2995 1 2 3 4 5 6 7 8
