1086 1 2 3
780 1 3 6
761 1 3 6
606 1 2 3 4 6 7
483 1 2 3
436 1 2 4 5 6
1467 1 2 3 4 5 6 7
759 2 4 5 7
269 5 7
269 1 2 3 4 6
59 1 2 4
1 1 2 3 4 5 7
2003 1 2 7
1839 2 3 4 6 7
1648 3 4 6 7
1373 2 6
1171 1 2 5 6 7
184 1 2 3 5 6 7
1369 2 6
1369 1 3 4 5 7
1342 1 2 3 4 5 6 7
1266 3 4 5 6
1213 2 3 5
577 2 3 4 6 7
1086 4 5 6 7
344 2 3 4 6
2085 1 2 3
2085 5 6 7
1708 2 3 4 6
1648 1 2
2003 3
1556 1 2 3 4 5 6 7
142 2 3 5
430 1 2 3 4 5 6 7
1407 1 3 4 5 7
957 4
1097 1 2 3
886 1 2 3 4 6 7
817 2 3 4 5 6 7
0 3 4 5 7
2392 3
2392 1 2 4 6
2047 1 2 4 5 7
2299 1 2 3 4 5 6 7
1648 5
1623 1 2 3 4 5 6 7
0 6
561 1 2 3 4 5 6 7
669 1 3
344 1 5
483 4 5 6 7
225 1 2 3 5 6 7
182 4
142 1 4 6 7
1371 1 3 4 5 7
1933 1 3 4 5 6 7
783 1
1291 2 3 4 5 6
625 1 2 3 4 5 6 7
669 2 4 5 6 7
0 1 2
1318 1 2 4 5 6 7
1237 1 7
1127 3
1062 1 2 3 4 5 6 7
577 5
1017 1 2 3 4 5 6 7
342 1 2 3 4 5 6
1839 1 5
2003 4 5 6
1803 2 3 4 5
1724 1 2 3 4 5 6 7
1213 1 4 6 7
314 1 2 3 4 6
436 3 7
59 3 5 6 7
2413 1 2 4 5 6 7
2227 5
2227 1 2 3 4 6
2139 3 6
2119 1 2 3 4 6 7
1124 1 2
957 1 2 5 6 7
