2112 2
2013 1 2 3
1400 1 2
2135 2
696 2
370 2 3
149 1 2 3
1823 1 2 3
2698 1 3
0 1 2 3
92 1 3
769 2
1141 1 2 3
1450 2 3
287 2 3
1593 3
1512 1 3
1570 3
1792 1 2 3
651 1 3
241 1 2 3
2257 2 3
2345 3
1106 2 3
1127 2
232 1 2 3
105 1
190 1 2
2613 2 3
836 2 3
1158 1 2 3
1299 2 3
6 1 2 3
190 3
23 2
2754 2 3
2945 1 2 3
324 2 3
2912 2 3
1059 2 3
2993 1 3
1119 1 3
387 1
26 3
1969 1 2 3
911 2 3
2401 1 2 3
475 3
1257 1
1017 1 2 3
715 1 3
1261 2 3
2195 1 3
1310 2 3
754 1 3
2457 1 2
2108 1 3
2253 1 2 3
2606 1 2 3
2019 1 2 3
116 1 2 3
402 2 3
517 1 2 3
468 2
3139 1 2 3
306 1
456 3
327 2 3
1570 1 2
538 1 2 3
1188 1 2 3
1419 1 2
1507 1
2345 1 2
233 1 2 3
2003 3
1980 1 2 3
3 1 2 3
1512 2
931 1 2 3
1085 1
836 1
890 1 2 3
1160 1 2 3
1583 1 2
2529 1 2 3
1357 1 2
1703 1 2 3
1730 1 2 3
1659 1 2
1450 1
608 1 2 3
1498 1
1906 1 2 3
433 1
18 1 2 3
1334 1 2 3
23 1
287 1
2849 1 2
