0 5
1409 2 3 8
2750 1 2 3 4 5 6 7
1474 1 2 3 4 5 6 7 8
2255 1 2 3 4 5 6 7 8
19 4 6 8
140 8
109 1 2 3 4 8
1904 1 3 4 5 6
790 1 3 4 5 6 7
285 1 2 3 5 6 7 8
418 1 2 4 6 7
1 1 2 3 6 7 8
765 1 2 3 4 5 6 7
778 1 2 3 4 5 6 7 8
843 3 4 5 6 7 8
3144 1 2 3 4 5 6
683 1 2 3 5 6 7 8
119 5 6 7
179 6
435 1 2 3 4 5 6 7 8
1065 1 2 3 4 6 7 8
383 3 5 8
662 1 3 4 5 6 7
1510 1 2 3 4 5 6 7 8
1553 1 2 3 4 5 6 7 8
1647 3 4 5 6
1920 1 3 4 5 6
383 1 2 7
540 1 2 3 4 8
211 1 2 3 5 6 8
153 3 4 7
461 2 7 8
711 1 5 7
477 6 7
944 1 3 4 5
1190 6 8
1211 1 3 7
1211 5 6 8
1368 1 2 3 4 5 6 7 8
1409 1 4 7
2918 1 2 3 4 5 6 7
2824 1 2 3 4 5 6 7 8
1 4
314 1 2
2998 4 6 8
711 3 4 6 8
977 1 2 3 4
2678 1 2 5
1190 1 2
2851 1 2 3 4 5 6 7 8
3290 1 2 3 4 5 6 7 8
3337 1 2 3 4 5
1904 2 7 8
2227 2 3 4 5 6 7
3430 1 2 3 4 5 6
1939 1 3 4 6
2005 2 3 7
2086 1 2 3 4 5 6 7
2158 1
2493 1 2 3 4 5 6 7 8
2394 1 2 3 4 5 6 7 8
2566 6 7 8
3227 1 2 3 4 5 6 7 8
2566 1 2 3
522 1 5 8
1528 1 2 3 4 5 6 7 8
1489 1 2 3 4 5 6
183 1 2 3 4 5
314 3 4 5 6 7 8
229 4
571 1 2 3 4 5 6 7 8
974 5 6 7 8
1470 1 2 3 8
1711 1 2 3 4 5 6 7 8
1770 1 2 3 4 5 6 7 8
1779 1 2 3 4 8
1842 1 2 3 4 6 7 8
1845 1 2 3 4 5 6
1862 1 2 3 4 5 6 7
2155 3 4 5 6 7
1862 8
0 1 4
2398 1 2 3 4
2164 2 3 7 8
15 1 2
455 1 5
26 3 4 6 7 8
134 1 2
885 1 2 3 4 6 7 8
1249 1 2 3 4 5 6
1300 1 2 5 7
1332 1 2 3 4 5 6
1107 1 2 3 4 5 6 7 8
