231 1 2 3 4
162 1 2 3 4
371 1 2 3
516 1 2
447 1 2 3
566 1 2
568 4
597 1 2 3
416 4
764 1 2 3
654 1 2 3 4
820 1 2 4
880 1 2 3
931 3 4
931 1 2
1013 1 2 3 4
1094 1 2 3
516 3 4
1626 1 3 4
1186 2
1286 1 2
1159 1 2 3 4
1539 1 2
1767 4
1370 1 2
1366 3 4
1079 3 4
1905 1 2
1987 1 2 3
1905 3 4
2067 1 2
2316 1 2 3 4
2139 1 2 3 4
2176 1 2 3 4
2250 1
1708 1 3
2067 3
2250 2 3 4
2281 1
1767 1 2 3
2253 2 3 4
2408 1 2 3 4
2461 2 3 4
2412 1 2 3 4
2520 2 3 4
2451 1 2 3
2526 1 2 3 4
2545 1 2 3
2544 1 2 3 4
11 1 2 3 4
4 1 2 3 4
1809 1 2 3
126 4
73 3 4
42 1 2
331 3
959 1 3 4
42 3 4
0 1 2 3 4
124 1 2 3 4
126 1 2 3
47 1 2
310 3 4
310 1 2
684 1 2 3 4
371 4
1186 1 3 4
751 1 2 3 4
1278 1 2 3 4
1286 3
1297 3 4
1423 2 3 4
1539 3 4
1618 2
1497 1 2 3 4
1737 1 2 3 4
1679 2
