892 1 5 6 7
1425 1 2 3 4 5 7 8
1494 1 2 3 4 5 6 7
1556 6 7 8
37 4
788 1 2 3 8
103 1 3 7
20 3 5 6 7
1140 1 2 4 5 6 8
1196 5
1196 2 4 6 8
1207 5
2279 1 2 3 4 5 6 7
2390 1
2365 1 2 3 4 5 6 7 8
2475 1 2 3 4 5 6 7 8
509 1 2 4 7
788 4 5 6 7
958 1 2 5 6 7
876 2 4 8
1053 1 2 3 4 5 6 8
55 4
1205 1 2 3 4 6 7 8
1324 1 2 4 7 8
636 1 2 3 4 5 6 8
155 1 3 5 6 7
1016 1 2 3 4 5 6 7
1037 3 5 8
39 1 3 7
592 1 2 3 4 5 6 8
876 1 3 5 6 7
0 8
13 1 2 3 4 5 6 7 8
21 2
411 1 5
280 3 4 5 7
1876 2 3 4 5 7
2024 1 2 7 8
2113 1 2 7 8
2200 1 2 3 5 6 7 8
1907 1 2 3 4 5 7 8
543 3 5 6 8
1800 2 3 4 5 7
28 1 4 8
0 1 2 3 4 5 6 7
814 1 2 3 8
7 1 2 3 4 5 6 7 8
118 2
695 1 2 5 6 8
1 1 2 3 4 5 6 7 8
6 1 2 3 4 5 6 7 8
20 1 4 8
492 5
210 8
2148 1 2 4 5 7 8
145 8
917 2 3 4 8
1324 3 5 6
1556 1 2 3 4 5
1612 7
1729 5 7
304 3 4 5 7 8
592 7
1270 1 2 3 4 6 7 8
24 3 5 6 7
36 2
213 1 2 3 4 5 6
943 3 4
1140 3 7
1975 1 2 3 4 5 6 7 8
1767 1 6 8
2024 3 4 5 6
1806 8
2108 3 6
943 8
2390 2 4 5 7 8
1612 1 2 3 4 5 6 8
695 3 4 7
1703 5 7
235 1 2 3 4 5 6 7
275 7
1703 1 2 3 4 6
39 5 6 8
114 1 3 7
1408 1 2 3 4 5 6 8
82 5 6 8
275 1 2 6
509 3 6 8
371 1 2 5 6 8
583 1 2 3 4 5 6 7 8
1037 1 2 4 6 7
1806 1 6
2244 1 2 3 4 5 6 7 8
1903 1 2 3 4 7 8
99 4
202 1 2 3 4 5 6 7
349 3 4 7
20 2
425 2 3 4 6 7 8
411 2 3 4 6 7 8
