399 3 5 6 7
289 2 3 4
439 1 3 5 6 7 8
1927 1 2 3 4 6 7 8
1018 4 6
2291 1 2 3 4 6 7 8
1965 8
44 8
15 1 2 3 4 5 6 7 8
289 6 7
1425 1 2 3 4 5 8
1134 3 4 6 7 8
1297 2 3 4 5 6
1402 1 2 3 4 5 6 7
916 1 2 3 4 5 7
1627 1 2 3 8
1693 1 2 3 4 6
555 2 6
123 1 6
1532 1 2 3 4 5
1627 4 5 7
68 1 2 3 4 5 6 7
466 1 2 3 4 6 8
1223 1 2 3 4 5 6 7 8
1297 1 7 8
1366 1 2 3 4 5 6 7
1035 1 2 5 7 8
135 1 3 4 6 7 8
1107 1 2 3 4 5 7
226 8
977 3 6
638 5 7 8
123 3 7
1965 1 2 3 4 5 6 7
322 6
123 2
527 1 3
527 4 8
227 1 2 3 4 5
573 1 3 4 5 7 8
283 1 5 8
2205 1 2 3 6 7 8
2012 1 2 3 4 5 6 7
318 1 5 8
44 3 4 5 7
854 1 2 3 5 7
918 6 8
391 2 4
1766 1 2 3 4 5 6 7 8
123 4 5
1858 1 2 3 4 5 6 7 8
226 6 7
264 1 2 3 4 6 8
632 1 2 3 4 6
789 6
267 1 2 3 4 6 8
836 6 8
727 1 2 3 4 5 6 7 8
922 6 8
1460 1 3 4 6 7 8
324 1 2 3 4 5 7 8
391 1 3 5 6 7 8
7 1 2 3 4 5 6 7 8
580 1 6 8
580 2 3 4
2348 1 2 3 8
2432 5
2468 1 2 3 4 5 6 7 8
1134 1 2 5
0 1 2 3 4 5 6 7 8
60 1 2 6
574 5 7
412 1 3 5 6 7 8
2063 1 2 3 4 5 6 7
2124 2 3 4 5 6 7
44 1 2 6
462 5 7
550 5 7
977 1 2 5 7 8
141 2 5
271 1 2 3 4 6 7 8
487 1 2 3 4 6 8
942 1 2 3 4 5 6 7 8
789 1 2 3 5 7
851 4
939 1 2 3 4 5 7 8
527 2 6
283 2 3 4 6 7
789 4 8
