1274 5 6 7
339 1 2 3 4 5 6 7 8
271 3 6
199 3 6
456 1 2 3 4 5 6 7 8
439 2 3
415 2 3 8
340 5 6
581 2
1948 1 3 5 6 8
624 7
498 1 2 3 4 5 7 8
2299 1 2 3 4 5 6 8
99 1 2 4 8
1650 1 2 3 4 5 6 8
1096 8
1001 1 2 3 4 5 6 8
878 1 2 3 4 6 7 8
1702 1 2 4
1753 3 5 6 7 8
121 5 8
196 1 2 3 6 7
0 1 3
54 1 3
943 1 3 6 7
14 1 3
46 1 3
340 1 4 7
1257 1 2 3 4
1494 1 2 3 4 6
1182 1 2 3 4 5
280 1 2 3 4 5 6 7
722 1 2 3 4 7
621 1 2 3 4 5 6 8
713 1 2 3 4 5 6 7 8
2541 1 2 3 4 5 6 7 8
2264 1 2 3 4 5 6 7
2189 1 2 3 4 5 6
2365 1 3 6
1567 1 2 4
467 1 2 3 4 5 7 8
1885 3 5 6 8
2365 2 4 5 7 8
1884 1 8
16 5 8
1799 1 3 5 6
1943 2 4 7
1799 2 4 7
1342 1 2 3 4 5 6
1702 5 6 7 8
1425 1 2 3 4 5 6 7 8
1716 3 5 6 7 8
581 3 4
114 1 2 3 4 5 6 7 8
0 5
943 2 4 5 8
2028 1 2 3 4 5 6 7 8
2114 1 2 3 4 5 6 8
994 5 6 7
2119 1 2 3 4 5 6 7 8
2149 1 2 3 4 5 6 7
1426 1 2 3 4 5 6 8
0 8
191 8
43 7
244 8
340 2 3 8
2455 1 2 3 4 5 6 7 8
1182 6 7 8
2774 8
2826 1 2 3 4 5 6 7 8
2703 1 2 3 4 5 8
2630 1 2 3 4 5 7 8
89 2 4 8
1581 3 5 6 7 8
430 1 4 5 6 7
31 5 8
581 1 5 8
89 5 6
185 4 5
0 2 4 6
185 8
121 4
581 7
467 6
1315 7 8
542 6
1316 1 2 3 4 5 6
1847 2 4 7
810 3 4 5 6 8
1097 1 2 3 4 5 6 7
1494 5 7 8
109 1 2 3 4 5 6 7 8
202 1 2 4 5 7
360 2 3 8
121 1 2 3 6 7
806 1 2 7
113 6 7
722 5 6 8
0 7
