1794 1
2423 1
2618 1
2656 1
3333 1
3366 1
3574 1
3954 1
3426 1
3607 1
3826 1
2824 1
2701 1
4063 1
2897 1
864 1
1103 1
1062 1
1240 1
1291 1
1152 1
1154 1
1473 1
1304 1
3080 1
3171 1
1729 1
3205 1
1825 1
7 1
40 1
1384 1
1533 1
2949 1
3027 1
3253 1
3237 1
2757 1
3793 1
645 1
156 1
157 1
195 1
704 1
1650 1
2161 1
585 1
2568 1
3858 1
3986 1
1768 1
4010 1
4042 1
4230 1
4316 1
4377 1
4380 1
4453 1
4504 1
22 1
3624 1
4098 1
763 1
1571 1
1884 1
1633 1
1939 1
4511 1
4532 1
4542 1
90 1
601 1
1803 1
3699 1
3252 1
1944 1
2009 1
2090 1
2160 1
3504 1
112 1
416 1
4104 1
257 1
736 1
4168 1
4577 1
502 1
850 1
337 1
949 1
1002 1
2250 1
2315 1
0 1
2410 1
3627 1
2481 1
4651 1
4652 1
