2190 2 3
1936 1 2 3 4 5
2285 1 2 3
2341 1 2 3 4 5
2427 1 2 3 4 5
2522 1
2577 1 2 3 4 5
2650 1 2 3 4 5
2522 2 3 4 5
2723 1 2 3 4 5
2908 1 2 3 4 5
2964 1 2 3
2739 1 2 3 4 5
2964 4 5
3040 1 3 5
3045 1 3 5
3068 1 2 3 4
3111 1 2 3 4
3182 4 5
3213 1 2 3 4
3106 1 2 3 4 5
3206 1 2 3 4 5
3315 5
3399 1 2
3315 1 2 3
3415 1 2
96 3 4 5
1459 2 3 4 5
466 1 2
935 1 2 3 4
2147 1 2 4
318 3 4 5
110 5
1587 1 2 3
1971 1 2 3 4
2007 1 2 3
387 5
2114 3 5
1852 1 2 3 4
2130 1 2
1227 3 4
1464 3 4 5
40 2 3 4 5
0 1 2 3 4
145 1 2 3 4
215 4 5
24 1
101 1 2
110 1 2 3 4
215 1 2 3
24 2 3 4 5
244 1 2 3 4
284 1 2 3 4 5
318 1
448 3 4 5
621 1 2 3 4 5
398 1
358 2 3 5
682 1 2 3 4 5
536 4 5
387 1 2 3 4
553 1 2
737 1 2 3 4 5
754 2 3 4 5
750 1 2 3 4
420 2 3 4 5
840 2 3 4 5
803 1
393 2 3 4
962 1 2 3 4 5
1111 1 2 3 4
754 1
1007 1 2 3 4 5
1227 1 5
894 1 2
1151 1 2 3 4 5
1098 1 2 3 4
1239 2
893 5
1313 1 2 3 4 5
1375 1 4 5
1375 3
1332 1 2 3 4 5
1453 1 2 3
1459 1
1421 1 2 5
1514 1 2
1492 2 3 4 5
1520 1 2 3 4 5
1555 1 2 3 4
2019 1 2 3 4
1672 1 4
1883 5
3221 2 3 5
2815 1 2 3 4
386 1 2 3 4 5
1782 1 2 3
2114 1 2
1690 1 2 3 4 5
1767 1 2 3 4
