443 3 6
652 1 5 7
946 4 6
821 3 7
959 2 3 5 7
1046 1 2 4 6
555 2 6
668 3 6
765 5
612 2
138 2 3
821 4 6
898 4 6
941 4
11 1
0 6
668 4
169 2 3 5
153 2 3
764 2
4 3 6
355 1 2 4 5
742 1 4
820 1 5
103 1 2 3 5
887 2 3 5 7
118 4 7
274 4
445 2
62 3
892 2 3 5 7
114 1 2 3
280 3
4 1
207 4 6 7
525 3 4 7
745 3 5 6 7
614 3 4 6 7
0 1 3
529 1 2 6
652 3 4 6
731 1 4 5 7
986 1 2 7
385 3 6 7
550 3 4 7
765 3 6 7
280 1 2 5
887 1
144 4 7
525 5
5 2 4 5 7
62 6
138 1 6
445 1 4 5 7
45 2 4 5 7
581 1 5
623 1 5
1046 3 5 7
689 2
0 2 4 5 7
1009 3 4 5 6
274 6 7
114 5
189 1 2 3 5
103 4 7
354 3 6 7
222 4 6 7
