196 1 2 5
63 2
153 1 5
196 3 4 6
492 1 5 7
243 1 2 5
612 1 2 3 4
33 3 4 6
245 3
440 1 5 7
52 1 2
142 2 3
519 2 3 4 6
715 1 3 7
563 1
467 2 3 4 6
43 1 2 5 7
533 1 5 7
16 4 6
82 3 4
117 5
69 1 3 4 6
601 5 6 7
559 2 3 4 6
205 4 6
251 4 6
142 4
187 4 6
563 5 7
716 2 4 5
9 4 6
362 1 3 5
408 3
446 2 3 4 6
141 6
187 7
269 1 2 5
324 3 5 7
353 3 5 7
285 3 4 6 7
365 2 4 6 7
402 7
463 1 5 7
217 3 7
587 1 2 3 4
408 1 5
638 5 6 7
677 1 3 6 7
40 3 4 6
182 1 2 3 5
402 2 4 6
0 4 6
2 4 6
120 2 3 4 7
52 5 7
109 1
109 6
222 1 2 5
245 7
642 1 2 3 4
0 1 2 5 7
0 3
82 1 6
304 1 2 4 6
105 2 3 4
20 3
342 2 4 6
98 5 7
253 4 6 7
302 3 7
311 3 5 7
677 2 4
55 1 2
142 7
487 2 3 4 6
521 1 5 7
