1047 2 4 5 6
851 4
1630 2 3 4 6
782 1 4 7
1956 1 2 3 4 5 6 7 8
1700 1 2 3 4 5 6 7 8
1391 1 2 6 7 8
1454 1 2 3 4 6 7
1 1 3 6 7
715 1 2 3 4 5 6 7 8
1744 1 2 3 4 5 6 7 8
654 1 3 4 5 6 7 8
284 2 5 6 7
329 2 5 6 7
345 8
387 8
437 1 2 3 4 5 6 7 8
621 2
460 8
2414 1 2 3 5 6 7 8
1436 5
1391 3 5
1322 2 3 5
1630 1 5 7 8
460 2 3 4 5 6
974 2 4 6
494 2
1788 1 2 3 4 5 6 7 8
1616 1 2 3 4 5 6 7 8
259 1 2 3 4 5 6 7 8
272 1 2 3 4 5 6 7 8
1532 1 2 3 4 5 7 8
2953 1 2 3 4 5 6 8
2960 1 5 7 8
2960 2
2879 1 6 7 8
555 2
371 2
171 7
245 1
1117 1 7
1056 1 3 7
28 4
974 1 3 7 8
782 2 3 6 8
760 1 3 6 7 8
160 1 2 3 4 5 6 7 8
105 1 2 3 4 5 6 7 8
127 1 2 3 4 6 7 8
359 1 2
284 1 3 4 8
171 2 5 6 8
2344 1 2 3 4 6 7 8
2313 1 2 3 4 5 6 7 8
2269 1 2 3 4 5 6 7
994 1 3 7 8
359 3 4 5 6 7
460 1 7
760 5
171 3
2562 1 2 3 4 5 6 7 8
492 1 2 3 4 5 6 7 8
493 1 2 3 4 5 6 7 8
478 1 2 3 4 5 6 7 8
797 2 3 6 8
1322 1 4 6 7 8
1870 1 2 3 4 5 6 7 8
56 4
171 1 4
345 1 2 3 4 5 6 7
1206 1 2 3 4 5 6 7 8
1918 1 3 4 5 6 7 8
2357 1 2 5 6 7 8
0 2 5 8
3 2 5 8
2466 4 7 8
1466 2 3 4 5 6 7
1132 2 3 4 5 6 8
558 1 3 4 5 6 7
892 1 2 3 4 5 6 7 8
127 5
9 1 2 3 5 6 7 8
856 1 5 7
394 1 3 4 5 6 7
718 1 2 3 4 5 6 7 8
2802 1 2 3 4 6 7 8
2725 1 2 3 4 6 7 8
2648 2 3 4 5 6 7 8
1225 1 2 3 4 5 6 7 8
1269 1 2 3 4 5 6 7 8
1381 4
2231 2 3 5 6
2041 2 4 8
2137 1 2 3 4 5 6 7 8
0 1 3 6 7
2466 1 2 3 5 6
2041 1 3 5 6 7
558 8
494 1 3 4 5 6 7 8
0 4
