1155 1 2 3
1451 1 3
672 1 2 3
394 1 2
763 3
444 1 2 3
1400 1 3
0 1 2
1955 1 2 3
1690 2 3
1557 1 2 3
3 1 2
1002 1 2
805 2
67 3
170 1 2
763 2
1623 1 2 3
0 3
238 1 2 3
2124 1 3
147 3
390 1 2
104 1 2
1872 1 2 3
6 1 2
36 1 2
763 1
460 3
2052 1 2 3
272 1 2 3
25 1 2 3
1981 1 2 3
960 1 2
566 1 2 3
70 1 2
36 3
631 1 2 3
613 1 2
123 1 2
189 1 2
226 1 2 3
330 1 2
1215 1 2 3
1308 3
1075 1 2 3
841 1 2 3
982 3
1786 1 2 3
1271 1 2 3
299 3
97 1 2
73 1 2
2294 1 2 3
372 3
1233 1 2 3
1308 1 2
1505 1 2 3
1690 1
2203 1 3
460 1 2
515 1 2
890 1 2 3
299 1 2
960 3
