270 1 2 3 4 5 6 7 8
0 6
23 1
12 6
67 5
46 8
91 6
13 5
71 1
36 6
14 2
12 2
16 6
9 5
83 5
84 4
77 4
16 5
84 3
81 6
47 3
14 8
85 1
86 8
14 7
348 1 2 3 4 5 6 7 8
0 8
20 6
11 8
57 8
46 6
20 4
12 7
41 7
19 3
16 8
11 2
68 7
0 1
21 8
10 1
68 6
28 3
12 1
10 4
52 4
31 1
15 3
67 3
35 8
0 3
64 4
27 6
4 4
2 3
56 6
27 8
5 5
71 8
41 4
20 2
39 1
0 7
15 4
9 4
29 7
33 4
11 4
83 7
48 1
26 4
9 7
79 2
22 7
184 1 2 3 4 5 6 7 8
0 4
59 1
35 2
1 5
64 2
53 2
8 3
1 4
54 7
43 2
17 1
6 2
98 1 2 3 4 5 6 7 8
0 2
53 5
37 3
16 7
4 2
54 3
19 5
3 3
3 2
28 5
27 2
40 5
