95 1
95 2
1123 2
169 2
1208 2
1611 1 2
1986 1 2
1910 1 2
1870 1 2
1696 1
1697 1 2
2025 1 2
1968 1 2
2106 1 2
2152 1
2152 2
2180 1 2
2247 2
2247 1
2255 1
2293 2
2362 1 2
2377 1 2
2521 1 2
2391 1 2
2662 1
2364 1
14 1 2
169 1
305 1 2
817 1 2
384 1 2
243 1 2
362 1 2
661 1 2
538 1 2
419 2
747 2
747 1
412 2
593 1 2
904 1 2
1001 1
1037 2
974 2
931 1
494 1 2
1095 1
1162 1
1318 1 2
1271 1 2
1433 1 2
1407 1 2
1497 1 2
1232 1 2
1514 1
923 1 2
2441 1 2
1607 1 2
1409 2
1514 2
1703 1 2
2519 2
1795 1 2
1531 2
2565 1 2
1807 1 2
2635 2
1824 1 2
1417 1 2
2635 1
2943 1 2
2724 2
931 2
3037 1 2
3423 1 2
3272 2
3326 2
3272 1
3505 1 2
3570 1 2
2710 1
412 1
123 1
2780 1 2
123 2
957 1
2848 1 2
266 1 2
952 2
3107 1 2
5 1 2
3193 1 2
105 2
3393 1
3315 1
2404 1 2
0 1 2
248 1 2
3655 1 2
