766 1 2 3 4 5 6 7
671 2 6 7
560 4 6 7
595 1 2 3 4 5 6 7
549 2 3 5
537 2 4 5
537 1 6 7
289 2 3 5
431 1 2 3 4 5 6
375 1 2 3 4 5
459 1 2 3 4 5 6 7
423 7
95 2 3 4 5
360 6 7
320 1
259 1 2 3 4 5 6 7
359 1 2 3 4 5
119 1 2 3 4 5 6 7
167 1 2 3 4 5 6 7
0 2 3 4 5 6
29 2 3 4 5
343 2 3 4 5
64 1 6 7
604 1 2 3 4 5 6 7
811 1 4 5 6 7
104 1 2 3 4 5 6 7
0 1 7
671 4 5
289 1 4 6 7
1091 3 7
968 3 4 5 6
942 7
833 3
942 1 2 4 5 6
876 1 2 4 5 6 7
734 1 3 4 5
1002 2 3 4 6 7
811 2 3
671 1 3
621 1 2 3 4 5 7
1091 1 2 5
320 6 7
