354 1 2 3 8
5 5
828 1 2 3 4 5 6 7
26 5 6 8
1283 1 2 3 5 7
1469 1 2 3 5 6
1342 1 2 4 5 7
528 4 5 6 7
994 5 7 8
1375 1 2 6
1528 8
1568 4 5 7 8
1968 1 2 3 4 5 6 7 8
2050 1 2 3 5
675 6
1469 4 7 8
3007 1 2 3 4 5 6 7
3063 4 8
3183 3 5 6
3158 1 2 3 4 5 6
6 6 8
515 1 2 3 8
403 1 2 3 4 5 6
607 7 8
632 3 7 8
689 2 7 8
540 4 5 6 7
696 2 3 7 8
675 1 4 5
766 1 2 3 4 5 6 7
783 3 7 8
1094 1 2 3 7
974 1 2 3 4 5 6
1172 1 2 3 4 5 6
1266 4 6 8
792 8
1890 2 3 4 5 7
5 1 2 3 7
52 1 3
149 1 2 3 4 7
251 1 2 3 4 5 6 7
327 1 2 3 4 5 6 7 8
342 4 5 6 7
342 1 8
460 1 2 3 4 5 6
1581 1 2 3 4 5 6 7
1094 4 5 6 8
515 5 6 7
1645 1 4 5 7
792 1 2 3 4 5 6 7
1741 1 2 3 4 5 6 7 8
1658 2 3 6 8
1806 2 4 5 6
1837 2 3 4 5 6
246 1 2 3 4 5 6 7 8
901 3 4 7 8
1023 5 7 8
1176 1 3 4 5 8
54 2 4 5 6 7 8
1528 1 2 3 6
1581 8
1 6 8
2326 3 4 5 6 7
994 1 2 3 4 6
0 6 8
155 6 8
1375 3 4 5 7 8
214 1 2 3 4 5 7
251 8
256 8
607 1 2 4 5 6
0 1 2 3 4 5 7
151 5 6 8
107 5
1176 2 6 7
1266 1 2 3 5 7
107 2 4 6 7 8
16 1 2 3 4 7
384 1 2 3 4 5 7 8
901 1 2 5 6
936 1 2 5 6
32 1 2 3 4 7
3063 1 2 3 5 6 7
155 5
1043 1 2 3 4 6
1842 1 2 3 4 5 6 7 8
2848 1 2 3 5 6 7
2674 1 2 3 4 5 6
2086 1 2 3 4 5
2500 1 2 3 4 5 6
2413 1 2 3 4 5 6 7 8
2237 1 2 3 4 5 6 7 8
2583 1 3 4 5 6 7 8
1249 1 2 3 4 5 6 7 8
403 7 8
2148 1 2 3 4 5
2758 1 2 3 4 5 6 7 8
7 1 2 3 7
5 4
2942 1 2 3 4 5 6 7 8
