4 5
50 3 6
33 1 2 7
0 4 7 8
44 2 3
25 4 5
0 1 2 3
22 1
48 2 8
16 3 6
25 1
24 7
3 6
5 1 2 6
9 2 4
8 1 7 8
17 1 2 8
36 1 2 3 4 5 6 7
10 3
24 2 3 6 8
29 2 5 8
1 1 2 3 4 5 7 8
2 1 2 4 5 6 7 8
35 8
29 4
54 1 3 4 5 6 7
28 3
28 7
32 2 5 6 7
18 1
38 2 3
41 2 3 7
16 7
30 1 2 5
26 2 6
12 1
17 4
37 1 6
26 3 7
14 8
17 3 6
2 3
22 2 3 4 6
11 1 2 7
44 1 6
8 6
3 8
18 2
37 5
43 2 3
0 5
27 4 6
37 2 3 4 7
7 1 2 5 6
19 3 6
15 5
21 5 7 8
13 2 3
43 4 5 7
50 1 4 5 7
11 4 8
23 2 3 4 6
24 4 5
8 3
11 6
15 1
54 2 8
14 2 5
42 8
27 2 5
12 2 5 7
14 7
20 1 4
45 4 5 7
3 4
15 4
3 5 7
4 7
5 3
6 3 4 7 8
41 1 6
38 4
47 1 3 6
0 6
8 2 4
10 6
8 5
3 1 2
26 8
19 5 7 8
13 5 7
15 3 6
38 7
18 8
33 5 6
15 2
39 1 6
14 1 3 4
30 3 8
29 6
