1676 1
818 2 3 4 5 7
155 1 2 3 4 5
227 1 2
76 1
293 1
377 1 6 8
442 1 2 3 4 5 6 7
0 1
5 1
511 1 2 3
573 1
654 1
723 1 2 3 8
803 1 2 3
818 1
227 5
881 1
909 2 3 4 5 6 7
27 1
648 2 8
322 5
723 4 5 6 7
973 1
1751 7
1261 1 2 3 8
1346 1
1087 1
1169 1
1143 1
443 8
1829 1
1750 2 3 5 8
1250 6
1513 2
1581 1
1248 5
573 3
590 3
975 2
146 6 7
1811 6 7
585 4
804 6 8
1346 2 3 4 5 6 8
821 6 8
573 2
298 3 7
352 2 3 4 5 7
70 2
1434 1 3 4 5 6 7 8
298 4
511 4 5 6 7 8
1507 1 3 4 5 6 7 8
214 6
804 7
1356 7
1752 1 4
897 8
789 4 6 7
1097 2 3 4 5 6 8
1657 2 3 4 5 6 7 8
1248 7
804 4 5
1834 6 7
2042 8
70 3 4 5 6 7
300 6 8
2015 1
1248 4
975 3 4 5 6 7 8
1279 7
1922 1 2 3 4 5 7 8
1058 2
1164 2 3 4 5 6 7 8
1923 6
74 1
1319 5
293 2
1584 2 3 4 5 6
227 3 4 6 7 8
1087 2 4 6
0 2 3 4 5 6 7
2014 2 3 4 5 6 7
1836 2 3 4 5 6 7 8
57 8
1087 7
1428 2
2014 8
1050 1 3 4 5 6 7 8
1750 6
585 5 6 7 8
655 2 3 4 5 6 7 8
0 8
129 8
1581 7 8
