54 5
58 3
2 4 6 8
33 3 4 5
445 1 3 6 7
11 6
35 2
19 3
10 5
180 1 4 5
180 3 7
11 1
313 1 3 4 6 7
3 7
282 2 5 8
11 2 8
61 6 8
88 6
155 2 8
114 3
153 1 4 7
0 1 3 7
445 2 4 5 8
102 5
16 2 8
114 7
383 3 4 6
11 4
122 6
243 2 8
3 2
1 1 3 7
35 8
102 3 4 7
218 1 8
88 8
3 1
25 4 5
0 2
44 1
158 6
3 3
114 4
205 4
36 7
516 1 2 3 4 5 6 8
218 6
60 4
383 1 2 5 7 8
38 5
285 1 4 6
79 1
38 3
38 4
218 3 5 7
36 6
51 2
142 1 2 4
239 3 7
145 3 5
25 6 7
25 1
5 5
61 7
82 3 5
8 3
0 5
83 2
358 2 3 4 6 7 8
24 2 8
0 4 6 8
207 1 3 5 6 7 8
206 2
14 7
242 1 5
