165 1 2 3 4 5 8
33 5 6 8
202 1 6 7 8
862 1 2 3 4 5 8
26 1 2 3
51 1 2 3 4 7
81 1 2 3 4 5 6 7
898 1 2 3 4 5 8
476 2 4
991 1 2 3 8
1050 1 3 8
1778 1 2 3 4 5 6 7
1829 1 4 5 6 8
1884 4 5 6 7 8
1941 1 2 3 4
823 6 7
22 1 3 5
862 6 7
427 2 4 7
1209 1 2 3
655 1 2 3 4 8
683 1 2 3 6 8
199 2 3 4 5
542 7 8
436 2 4 7
594 1 2 3 5 6
1507 1 2 3 4 5 6 7
1697 1 3 4 5 6
1530 1 2 3 4 5 6 7
1588 1 2 3 4 5 6
1570 1 2 3 4 5 6
1754 3 4 5 6 7 8
6 4 7
52 6 8
806 2 6 7 8
690 1 2 3 8
745 6 7
1604 1 2 3 4 5 6
1646 2 5 7
115 1 2 3 4 5 6 7
1090 1 2 3 4 6 7
1050 2 4 5 6 7
1125 1 2 3 4 5 6 7
479 1 3 5 6 7 8
0 1 2 3 4 5 6 7
526 7 8
1170 1 2 3 4 5 6 7
1209 5 6 7 8
297 1 3 5
334 4 6 7 8
1475 1 3 4 5 6
1431 1 2 3 4 5 6
1446 1 4 5 6
186 1 2 3 4 5
1646 1 3 6 8
272 1 2 3 4 5
391 1 2 3 4 5 6 7
213 7 8
334 1 2 3 5
298 2 4 6 7 8
424 2 4
578 7 8
693 4 6 7
823 1 2 3 4 8
199 6 7 8
162 6 7
876 6 7
942 1 2 3 8
270 6 7 8
311 1 2 3 4 5 6 7
139 1 3 4 5 8
83 1 2 3 4 5 6 7
424 1 3 5 6 8
942 4 5 6 7
998 4 5 6 7
213 1 2 3 4 5
3 1 2 3 6 8
3 4 5 7
635 1 2 3 8
725 1 2 3 5 8
766 2 8
22 6 8
537 1 2 3 4 6
139 2 6 7
596 1 2 3 4 5 6
766 1 3 4 5
652 5 7
633 4 5 6 7
367 4 6 7 8
1375 1 2 3 4 5 6 7
526 1 2 3 5 6
1218 4 5 6 7 8
1015 4 5 6 7
1357 1 2 3 4 6 7
1152 1 2 3 4 5 6 7
1446 2 7 8
1262 1 2 3 4 5 6 7 8
