1406 1 2 5 6
1326 2 3 4 5 6
1125 1 2 3 4 5 6
1133 3
973 1 2
1500 1 2 4 5 6
1202 5 6
1028 1 2 3 4 5 6
937 2 3 6
1067 1 2 3 4 6
1012 3 4 5 6
919 1
919 5
979 3 4 6
855 2 3 4 6
960 3 4 6
855 1 5
764 2 6
761 1 2 5 6
735 1 2 3 4 5 6
416 1 2
764 1 3 4 5
643 1 2 3 6
512 1 2 3 4 5 6
561 1 2 6
245 1 2 3 4 5 6
350 1 2 3 4 5 6
204 1 4 6
416 3 4 5 6
297 1 2 3 4 5
202 2 3 5
202 1 4 6
147 1 2 3 4 5 6
68 1 2 3 4 5 6
0 1 2 3 4 5 6
1723 1 2 4
1708 1 2 3 4 5 6
1406 3 4
1326 1
1293 1 2 3 4 5 6
1673 1 2 3 4 5 6
1586 1 2 3 4 5 6
620 4 5
1202 1 2 3 4
1133 1 2 4 5 6
561 3 4 5
207 2 3 5
