166 3
168 3
182 2
11 3
279 3
309 1 2 3
315 1
315 2
315 3
319 1 2
125 3
123 3
27 1
110 1
15 3
127 1 2 3
133 3
168 2
133 1
174 2 3
176 2
178 2
12 1
97 1
243 3
273 1 2 3
279 2
279 1
283 1
288 1 2
63 1
54 1
15 1
73 1
141 3
231 1 2 3
237 3
237 1
237 2
241 1 3
21 1
180 2
65 1
79 1
63 3
214 1 2 3
220 3
220 1
220 2
224 1 3
7 3
9 3
9 1
23 1
0 2
57 1 2 3
63 2
113 3
68 1
172 2 3
53 2
7 1
18 1
83 1
66 2
117 1 2 3
123 2
123 1
136 3
196 1 3
0 1
51 2
102 1
89 1
138 1
190 1 2 3
208 1
196 2
226 1
200 1 2
87 1
5 3
2 1
106 1
133 2
202 1 2 3
243 1
208 3
226 3
212 1 3
5 1
0 3
2 3
93 1
30 1
45 1 2 3
51 1
51 3
108 3
55 2 3
