4269 1 4 6
5794 1 2 3 5 6
5566 1 2
5645 4 5 6
4526 2 3 4 5 6
4617 2 3 4 5 6
4269 2 3 5
2297 1 2 3 4 6
4449 1 3 4 5 6
4360 3 4 6
1209 2 3 5
1050 1 2 3
4026 1 5 6
4111 2 3 4 6
4188 2 3 4 5 6
5136 2 4 5 6
5224 5 6
0 2 3 4 5 6
4971 1 3 5 6
4105 1 5
2455 2 3 5 6
2728 1 2 3 6
704 1 2 3 4
1624 1 3 4 5 6
1386 1 6
3340 3 4 5
5883 2 3 5 6
1546 1 4 5 6
2638 5 6
2549 2 5 6
1303 2 4 5
1131 2 3 5 6
2824 2 3 4 5 6
1471 1 4 6
532 1 3 4 5 6
1050 4 6
968 1 3 4 5 6
2129 4 5 6
441 1 4
1209 1 4 6
2553 1 4
162 2 3 5
4713 1 2 3 4 5
2373 1 2 3 5 6
624 2 3 4 6
5058 1 2
257 1 5
5717 1 2 3 4 6
4878 1 2 4
2455 1 4
1863 1 2 3 5 6
1705 1 2 3 4 6
2216 1 2 3 4
5551 3 4 5 6
1131 1 4
1949 1 3 4 5 6
5224 1 2 3 4
1789 3 4 5 6
2124 1 2
2031 1 2 4
1386 2 3 4 5
704 5 6
2910 1 5
5042 3 4 5 6
2653 1 2 3 4
888 2 4
888 1 3 5 6
5335 1 4 5 6
5317 2 3
3000 3 4 5 6
77 2 5
76 1 3 4 6
348 1 2 3 5 6
794 1 2 3 5 6
2052 5 6
441 2 3 5 6
4878 5 6
2910 2 3 6
165 1 4 6
257 2 3 4 6
4792 1 3 4 5
3759 2 3 4 5
3595 2 3 5 6
5477 1 2 3 4
1303 1 3 6
1480 2 3
3846 1 2
3666 2 5 6
3434 1 2 3 5
3929 5 6
3935 1 2 3 4
3846 4 5 6
3163 1 2 3 4 5
4026 2 3 4
3595 1 4
3246 1 2 3 4
3340 1 2
5406 1 2 3 4 5
3525 1 3 6
3078 1 2 3 5
