1 1 7
0 6
3 3 4
73 2
261 3
151 5 6 7
113 1 3 4 6 7
102 2 5
45 4
222 1
117 1 3 4 6 7
0 1 4 7
0 8
151 4
623 1 3 5 6 8
402 1 2 4 5 6 7 8
7 6
20 1
164 8
171 2 6 7
7 3
16 6 7
7 4
3 7
3 1
11 1 8
261 8
767 2 3 4 6 7 8
166 5
24 4
151 3
1 5
27 5
261 6
184 1
84 1 3
0 3 5
61 8
221 2 3 4 5 6 7 8
86 8
359 4 6 7
37 8
48 1 5
121 8
130 1 3 4 5 6 7
62 5
261 4 7
311 3 6
121 1 3 4 6 7
8 5
344 1 2 3 5 8
293 1 2 5
73 6 7
560 1 2 3 4 6 8
289 4
129 2
9 2
208 2 3 4 5 6 7
447 1 2 4 5 6 8
62 1
48 3
289 7
151 1
27 3
23 2 6 7
20 8
503 1 2 4 5 6 7 8
693 1 3 5 6 7 8
370 1 2 3 5 8
72 4
1 3 4
0 2
261 2 5
