1863 2
2372 5
3636 2 3 4 5 6 7 8
2582 1 2 3 4 6 7 8
1189 1 2 3 4 5 6 7 8
2036 7 8
4023 1 2 3 4 5 6 7 8
3312 4 7 8
3808 4 5
2024 1 2 3 4 8
2122 4 7
864 1
2292 1 2 3 4 5 6
1125 2 3 4 5 6 7 8
3890 3 4 5 7 8
163 1 2 6
3278 1 2 3 4 5 7 8
2292 8
921 2 6 7
1395 4
3197 1 3 4 5 7
289 1 2 3 6 7
4098 3 5 6 8
864 2 4 5 6
1071 2 3 4 5 6 7 8
2005 2 6
1863 1 5 7
3622 1
2741 1 3 6 7 8
3005 1 2 4 5 7 8
422 6 7
2791 1 2 3 4 5 6 7 8
643 1 2 3 4 5 6 7 8
3061 6 7 8
2200 2 3 4 5 6 7 8
2480 2 3 6 8
3228 2 6 8
1550 2 5
2918 1 2 3
1391 1 4 7
2859 7
2051 2
2914 4 6 7 8
1034 1 3 4 5 6 7 8
227 1 2 3 4 5 6 7 8
1410 1 2 3 4 6
1323 1 2 3 4 5 8
1003 1 2 3 5 8
494 1 2 3 4 6 7 8
1997 1 3 5 7 8
3860 2 3 4 5 6 7 8
113 1 2 3 4 5 6 7 8
4101 3 4 6 7 8
1493 1 2 5 6 7
1559 2 5 6 8
815 1 2 3 4 5 6 7 8
3746 1 3 4 5 7
2051 3 4 5 6 7 8
1441 1 2 3 4 6 8
549 1
2558 1 2 3 7 8
3971 3 4 6 7
1696 4
2122 1 3 6 8
370 1 2 3 4 5 6 7 8
1582 1 3 4 7
1787 1 2 3 4 5 6 7 8
864 7 8
2675 3 4 5 6 7 8
3890 1 2
422 1 2 3 4
2385 7
1269 3 5 7 8
3687 3 4
1780 1 3 6 7
3678 1 2 3 4 5 6 7 8
3449 2 6 8
1661 1 2 3 4 5 6 7 8
3700 6 8
549 3 4 6 7 8
289 4 5 8
1907 1 3 4 5 6 7 8
0 1 2 3 5 6 7 8
2847 2 4 6 8
163 3 4 5 7
67 1 2 3 4 5 6 7 8
1623 1 2 3 4 5 6 7 8
2668 1 2 3 4 5 6 8
821 1 2 3 4 5 6 7 8
3150 1 5 7 8
3061 4 5
2457 2 3 7
724 1 2 3 4 5 6 7 8
3373 1
2005 1 3 4 5 8
3322 1 2 3 4 5 6 7 8
1696 1 2 3 5 6 7 8
3524 1 2 3 5 6 7 8
597 1 2
0 4
