6 1 2 3 4 6 7
77 1 2
509 1 2 3 4 7
587 1 3 5 6
65 3 6 7
24 1 2 3 4 6 7
839 1 2 3 4 5 6 7
767 1 2 3 4 5 6 7
919 7
132 6 7
715 1 2 3 4 5 6 7
118 1 2 5
509 5 6
672 1 2 3 4 5 6
412 1 2 3 4 5 6 7
376 1 4 5 6 7
493 1 2 3 4 5 6
154 1 2 3 4
343 1 2 3 4 5 6
919 1 2 3 4 5 6
1658 1 2 3 5 6 7
1321 5 7
1109 4 7
163 3 4 5
1109 1 2 3 5 6
0 1 3 4 5 7
229 6
265 1 2 3 4 5 7
245 1 2 3 4 5 7
0 2 6
1157 1 2 3 5
1046 1 2 3 4 5 6 7
163 1 2
6 5
107 3 4
1571 1 2 3 4 6
1247 1 2 3 4 5 6
90 3 4
1417 1 2 3 4 5 6 7
1485 1 3 4 6
1321 1 3 4 6
1337 1 2 3 4 6
13 5
29 5
65 1 2 4
229 1 2 3 4 5 7
984 1 2 3 4 5 6 7
90 6 7
11 1 2 3 4 6 7
577 2 4 7
