0 2 3 4
17 1 2 3 6
660 1 2 4 5 6
1009 1 2 3 4 6 8
1608 2 3 4 5 6 7 8
247 4 7
81 1 8
322 2 3 4
1093 2 3 4 7 8
1655 1 2 3 4 6 7
78 2
24 7
167 5 7
465 3 5 6 8
449 1 2 4 7
1937 1 2 3 4 5 6 7
60 1 2 3 5 6 7 8
145 5 7
344 5 7 8
232 1 2 3
78 1 3 6 7 8
299 1 2 3 4 7 8
1421 1 2 3 4 5 6 7 8
502 5
17 5
105 1 4 6 8
684 1 2 4 5 6
712 1 2 3 4 5 7 8
958 1 2 3 4 5 6 7 8
80 5
5 5 6
660 3 7 8
351 1 2 3 4 6
1037 1 2 3 4 6 8
221 8
59 4
232 5 6
593 1 4 5 6
897 2 3 4 7 8
58 1 2 3 5 6 7 8
427 1 2 3 4 6 7 8
1246 1 2 3 4 5 6 7 8
822 1 5 6
14 1 2 3
5 1 2 3 4 7 8
795 1 2 3 4 5 7 8
1374 1 2 3 4 5 6 7
133 3
14 4 8
124 1 4 6 8
822 2 3 4 7 8
22 1 2 3 4 5 6 8
1707 1 2 3 4 5 6 7 8
12 7
89 1 6 8
184 1 2 3 4
857 2 3 4 7 8
1876 1 2 3 4 5 6
576 1 2 3 4 5 6 7
37 7
386 5 7
1448 2 3 4 5 7
12 1 2 3 4 8
1240 1 2 3 4 6 7 8
634 1 2 3 4 5 6 7 8
88 7
901 1 5 6
81 3 6 7
221 1 2 3 4 5 7
1174 1 2 3 4 5 6 7
1498 1 2 3 4 5 6 7
269 5 6
134 5 7
449 3 5 6 8
142 1 2 4 6 8
1762 2 3 4 6 7 8
1817 1 2 3 4 5 6 7 8
178 8
201 5 7 8
593 2 3 7 8
532 1 2 3 4 6 8
21 1 2 3 4 5 6 8
744 1 2 3 4 5 6 7 8
76 4
88 3 5
1125 2 3 4 7 8
136 1 2 4 6 8
506 1 2 3 4 6 8
765 1 2 3 4 5 6 7 8
178 6
1093 1 5 6
113 1 4 6 8
1288 2 3 4 7 8
1205 1 2 3 4 5 6 7
1319 1 2 3 4 5 6 7
1009 5 7
232 4 7
324 1 5 6 7 8
387 1 2 3 4 6 8
1549 1 2 3 4 5 6
