1660 4 5 6
545 7
499 1 2
584 5
515 1 2 4 6
2741 1 2 3 5 7
2959 1 2 3 5 7
536 1
446 1 2 3 5 6
1437 1 2 3 5 7
1579 1 2 3 7
141 1 4 7
110 4 6 7
998 1 2 4
536 2 4 6
545 5
998 3 5 6 7
5 4 6 7
789 3 4 5 6
8 6 7
639 1 3 5
1342 1 2 3 4 5 6 7
605 2 4 6 7
1898 1 3 4 5 6 7
103 4 6 7
545 3
5 1 2 3
703 1 2 3 4 5 6 7
434 7
1579 4 5 6
178 1 7
714 1 2 3 4 5 6 7
842 1 2 7
789 1 2 7
1822 1 2 3 4 5 6 7
2157 1 3 4 5 6 7
1986 1 2 3 4 5 6 7
127 2 5
2244 1 2 3 4 5 6 7
1746 1 2 3 5 7
41 1 2 3 4 5 6 7
12 1 2 3 4 5 6 7
830 6
464 1 2 3 5 6 7
22 2 3 4 5 6 7
380 2 3 4
218 1 2 3 5 6 7
178 4
320 2 3 5
269 4
311 1 6 7
367 1 2 3 4 5 6
99 4 6 7
99 1 2 3 5
1247 1 2 3 4 5 6
439 4
1437 4 6
1154 1 7
1721 4 6
2157 2
2072 1 2 3 4 5 6
2639 1 2 3 4 5 6
434 1 5 6
127 1 4 7
1731 1 5 7
2337 1 2 3 4 5 6 7
2495 1 2 3 4 5 6 7
1638 1 2 3 7
2560 1 2 3 4 5 6
2409 1 2 3 4 5 6 7
830 3 4 5
1472 1 2 3 5 7
1543 1 2 3 5 6 7
1154 2 3 6
499 3 5 7
127 3 6
2871 1 2 3 5
2802 1 2 3 4 5 6
1063 1 2 3 4 5 6 7
2695 1 4 5 6
380 1 5 6 7
0 1 2 3 4 5 6 7
910 1 2 3 4 5 7
1154 4 5
311 2 3 5
