2 7
16 1 2 3 4 5
19 4 5 6
0 1 2 3 4 5 6 7 8
2 5
4 4 5
107 5 6 7 8
110 2 3 4 6 8
112 7 8
4 1
33 2 3 5 7
50 1 2 3 4 5 6 7 8
2 3
29 1 2 3 4 5
32 2 3 5 7
28 1 3 4 6
51 1 3 5 7
52 7
60 1 2 3 4 5 7 8
62 1 3
68 1 2 3 4 5 6 7 8
3 8
93 1 2 4 5 7
96 1 2 3 4 7
2 2 4 6 8
12 1 2 3 4 5 6 7
51 2 4 6 8
65 1 2 3 4 5 7
78 1 2 3 4 5 6 7 8
81 1 5 7 8
3 1 2
32 1 4 6 8
53 1 2 3 4 5 6 8
44 1 2 3 4
55 4 6 7 8
57 1 2 3 4 5 6 7 8
25 1 2 3 4 5 6 7
29 6 8
49 1 3 4 5 6 7 8
4 2
14 7
19 1 2 3 7 8
20 6 7
44 5 6 7 8
47 1 5 7
2 1
35 1 2 3 4 5 6 7 8
38 1 2 3 4 5 6 7 8
6 1
13 1 2 3 4 5 6
23 8
11 2 3 4 5 6 7
13 8
21 1 2 3 4 5 6 7 8
3 6
5 3 6 7 8
58 1 2 3 4 5 6 7 8
7 3 4 5 6 7
41 1 2 3 4 5
47 2 3 4 6 8
85 1 2 3 4 5 6 7 8
87 1 2 4 6 8
89 1 2 3 4 5 6 7 8
41 6 7 8
112 1 2 3 4 5 6
115 1 2 3 4 5 8
8 1
28 2 5 7
99 1 2 3 4 5 6 7
16 6 7 8
20 1 2 3 4 5 8
23 1 2 3 4 5 6 7
10 2 3 4 5 6 7 8
11 8
13 7
62 4 5 6 7 8
67 1 2 3 4 5 6 8
75 1 2 4 7 8
82 1 2 3 4 5 6 7 8
84 1 2 4 7 8
91 1 2 3 4 5 6 7 8
30 6 7 8
102 2 3 4 7 8
105 1 2 3 4 5 6 7 8
3 4
7 2 8
40 1 2 3 4 5 6 8
69 1 3 4 5 6 8
72 1 3 4 5 6
75 3 5 6
