96 3
1662 1 2 3 4 5 6 7 8
451 1 2 3 4 6 7 8
808 2 3 4 7
1401 6 7 8
1751 1
1775 1
1814 8
808 5 8
1751 2 3 4 5 6
1814 1 2 3 4 5 6 7
1915 1
1859 3 4 6 7
199 1 2 3 5
1915 2 6
2010 1 2 3 4 5 6 7 8
2149 1 2 3
2227 2 3 4 5 6 7 8
2055 1 2 3 4
832 6
0 4 6 7 8
4 1 2 3 4 5 6 7 8
96 1
307 1 2 3 4 5 6
174 4 6 7 8
96 7
339 1 2 3 4 5 6 7 8
361 2 3 4 5 6 7
235 2 3 4 5 6 7 8
528 2 3 4 5 6 7
396 1 8
571 1 2 3 4 5
640 5 7
641 1 8
640 1 2 3 4 6 8
727 2 3 8
905 1 2 3 4 5 8
832 1 2 3 4 7
1021 1 2 3
1116 3
1196 1 2 3 4 5 6 7 8
1401 1 2 3 4
1408 1 2 3 4
1498 1
1562 1 2 3 4 5 6 7
1611 1 2 3 4 6 7
2091 1 2
1581 1 2 3
1640 1 2 3 4 5
2597 1 2 3 4 5 6 7 8
727 1 4 6
769 1 6
950 1 2 3 4 5 6 7 8
954 1 3 4 6 7 8
1265 1 2 3 4 5 6 7 8
2831 1 2 4 5 6 7
1021 4 5 6 7 8
1370 8
1115 6 7
153 2 3 4 5 6 7 8
769 4 5
1119 1 2 4 5 6 7 8
1355 1 2 3 4 5 6
1403 1 2
2324 1 2 3
2921 1 2 3 4 5
1949 2 3 4 5 6 7 8
2429 1 2 4 5 6 8
2541 1 2 3 4 5
3383 1 2 3 4 5 6 7 8
2653 1 2 3 4 5 6 7
3448 6 8
3448 1 2 3 4
3518 1 2 3 4 5 6 7
641 2 3 4 6
3078 1 2 3 4 5 6 7
3604 1 2 3 4 5
2712 1 2 3 4 5 6 7 8
2930 1 2 3 4
1526 1 2 3 4 8
528 8
3303 1 2 3 4 5 6 7
2237 1
174 1 2 3
3226 2 3 4 5 6
3672 1 2 3 4 5 6 7
124 2 3 4 5 6 7 8
361 1
2340 1 2 3 4 5 6
2764 1 2 3 4 5
1866 1 2 3 4 5 6 7 8
2524 2 3 4 5 6 7 8
1882 1 2 3 4 5 6 7 8
3001 1 2 3 4
3121 1 2 3 4 5
651 2 3 4 6
222 6
3192 1 2 3 4 5
3522 1 2 3 4 5 6 7 8
3721 1 2 3 4 5 6 7 8
