50 1 2 3 4 5 6 7 8
209 2 3 4 5 6 7
309 5 8
20 1 2 3
237 3 5 8
142 4 5 6 7
1001 1 2 3 4 5 6 7 8
311 3 5 6 8
0 4
2088 1 2 3 4 5 6 7 8
484 1 8
2045 4 5 6 8
235 1 2 4 7
425 1 2 4 5 6 7 8
999 1 2 4 5 7 8
1961 1 3 4 5 6 7 8
2288 4
331 4 5 6 7 8
1460 3 4 8
1748 1 2 6
1488 1 2 3 4 5 7 8
1202 1 4 5 6 7 8
454 3
433 3
38 1 2 3 4 5 6 7 8
870 1 4
1551 6 8
1062 3 7
672 1 2 3 4 5 6 7 8
1334 1 2 3 4 5 6 7 8
1286 1 2 3 4 5 6 8
1317 7
1441 1 2 3 4 5 6 7 8
71 1 2 3 4 5 6 7 8
484 2 4 5 6 7
0 7 8
962 1 2 3 4 6 7 8
1389 1 2 3 4 5 6 7 8
209 8
2232 7 8
2544 4 5 6 7 8
2317 3 5 8
1119 8
1890 1 2 3 4 5 6 7 8
2350 1 4 6 7
2144 1 2 3 4 5 6 7 8
1823 1 2 3 4 5 6 7 8
1142 1 5 6
1084 1 2 3 4 5 6 7 8
331 1 2 3
1748 3 4 5 7 8
789 1 2 3 4 5 6 7 8
556 1 2 3 4 5 6 7 8
596 1 2 3 4 5 6 7 8
1623 2 3 4 5 6 7 8
832 2 3 6 8
1043 1 3 4 5 6 7 8
733 2 3 4 5 6 8
832 1 4 7
894 2 3 6 7
1491 1 3 4 5 6 7 8
1046 1 2 4 5 6 8
1142 7
13 2 5 6
1119 1 2 3 4 5 6 7
0 2 5 6
2532 3
142 1 2 3 8
1551 2 3
1690 1 2 3 4 5 6 7
487 1 8
2401 1 2 3 4 5 6 7 8
2317 2 6 7
1551 1 5
1785 1 2 3 4 5 6 7 8
1460 1 5
2228 1 2 3 4 5 6
2570 1 2 3 4 5 6 7
832 5
1815 1 2 3 5 6 8
2463 1 3 4 7
472 1 2 4 5 6 7 8
2472 1 2 5 6 7 8
0 1 3
