76 3 4
824 3 4 5 8
908 5
924 5
181 2
87 2 5 6
417 3 4 6 7
76 1
502 2 3 5 6
4 1 3 7
502 1 4 7 8
966 1 2 7 8
824 1 2 6 7
0 2 4 8
37 2 5 6
133 8
242 2 8
181 3 4 7
0 5
76 8
109 1
76 7
559 4 8
417 2 5 8
25 8
1113 1 2 3 4 5 6 7 8
1514 1 2 3 4 5 6 7 8
1096 1 2 3 4 5 6 7 8
1253 1 2 3 4 5 6 7 8
1277 1 3 4 5 7 8
1351 1 2 3 4 5 6 7 8
914 1 2 3 4 6 7 8
1413 1 2 3 4 7 8
1437 6 7 8
181 6
350 1 2 3 4 5 6 7 8
273 1 3 4 5 6 7
1437 1 2 3 4 5
164 1 2 3 4 5 6 7
1185 1 2 3 4 5 6 7 8
0 6
73 1 3 4 7 8
0 1 3 7
572 1 2 3 5 6 7
661 1 2 3 4 6 7 8
716 1 2 3 4 5 7 8
1499 1 2 3 4 5 6 7 8
614 1 2 3 5 6 7
340 1 2 3 4 5 6 7 8
181 1 5
370 1 2 3 4 5 6 7 8
25 4
759 1 2 3 4 5 6 7 8
242 3 4 7
1595 3 4 5
1030 1 2 3 4 5 6 7 8
