2472 2 3 5 7 8
959 1
1658 1 3 4 6 8
1752 7 8
1108 2 3 5
1534 1 2 3 4 5 8
685 2
2386 1 3 6 8
1626 2 6 7 8
193 2 3 4 5 6 7 8
1644 1 2 3 4 5 6 7 8
714 2
2155 1 2 3 4 5 6 7 8
0 2 3 4 5 8
1187 1 3 4 5 6 7
17 1 2 3 4 5 6 7 8
1166 4 6 7
1060 4 5 6
1872 1 2 3 4 5 6 7 8
301 5
1354 2 3 4 5
1060 1 7 8
1252 1 2 5 6 7 8
2211 8
2975 5 7 8
3057 1 3
3024 1 6 8
2954 1 2 3 4 5 6 8
2745 1 2 3 4 5 6 7
1252 3 4
2797 4
2871 1 2 3 4 6
2903 3 4 5 6 8
2841 1 2 3 4 5 6 7
2613 2 3 4 5 6 7 8
2297 1 2 3 4 5 6
2672 1 6 7 8
695 1 2 7 8
1485 1 2 3 4 8
429 1 2 4 5 6 7 8
895 1 3 5 7 8
959 2 3 4 6 8
1149 1 8
1475 1 2 3 4 6 7 8
2316 1 2 3 4
1794 3 4 5 6 7
1916 1 2
154 1 2 3 5 6 7 8
48 2 3 4 5 6
2656 1 3 5 7 8
76 1
2013 1 2 3 4 5 6 7
2592 5 7 8
1035 4 6 7
1391 2 4 8
1916 3 5
22 1 2 3 4 7
673 1 2 4 5 6 7 8
0 1 6 7
1035 2 3 5 8
2517 5 6 7 8
894 1 2 3 4 5 6 7
838 2 3 4 5 6 7 8
493 1 2 4 5 6 7 8
685 3 4 6
716 1 4 5 6 7 8
124 3 4
812 2 3 4 5 6 7 8
716 3
248 1 2 5 7 8
326 1 3 8
1524 6 7
1485 5 6 7
336 4 6
396 1 2 3 4 5 6 7
1297 6 7 8
186 1
1391 1 3 6 7
1613 5 6 7 8
1916 7 8
1752 1 2 3 4 5
1785 8
2863 1 2 3 4 5 6
2000 1 2 3 4 5 8
248 4 6
1556 6 7
2211 3 4 7
1297 1 2 3 4
2076 1 2 3 4 5 6 7 8
2314 8
48 7
589 1 2 3 4 5 6 7 8
3431 1 2 3 4 5 6 7 8
124 2
537 2 3 4 5 7
301 2
567 1 2 3 5
601 1 2 3 4 5 6 7 8
915 2 6
13 1 2 3 4 5
