1465 5 8
1376 1 2 3 4 5 6 7 8
90 4 6
1192 1 2 3 4 5 6 7 8
1409 1 5 6 7 8
589 1 2 3 4 5 6 7 8
537 1 2 3 4 5 6 7 8
181 4
141 3 4 6 8
672 8
251 5 6 8
1409 2 3 4
164 1 2 3 4 5 6 7 8
90 5 7
339 2 6
31 7
944 1 5 6 7 8
1033 1
725 1 2 3 4 5 6
77 4 5 6 7
2482 1 2 3 4 5 6 8
2227 4 5
1759 5
1606 2 3 4 5 6 7 8
861 1 5 6 7 8
2344 1 2 4 5 8
1707 1 3 4 5 6 7 8
2227 8
2700 1 2 3 4 5 6 7
1699 5 6 7 8
2177 1 2 5 8
1118 1 4 5 6 7
672 1 3 4 5 6 7
339 5 8
0 4
491 1 2 3 4 5 7
1166 1 4 5 6 7
1900 2 3 5 6
365 2 4 6 7
347 2 4 6 7
181 1 2 3 5 6 7 8
491 6
251 1 3 4 7
0 1 2 3 5 6 7 8
1033 2 3 8
1271 2 3 4 5 6 8
1900 1
1534 1 5 6 7 8
1759 1 2 3 7 8
1853 1 2 4 5 6 7 8
2404 1 2 4 5 6 7
1505 2 3 4 6 7 8
33 1 2 3 4 5 6 8
1900 8
2369 1 2 3 4 5 6 7 8
627 1 2 3 4 5 6 7 8
1033 4 5 7
466 1 3 4 5 6 7
1336 1 2 3 4 5 6 7
920 2 3 4
2276 3 6
425 2 3 4 6 7
1900 4 7
2227 1 2 3 6 7
861 2 3
347 1 3
453 1 2 3 4 5 6
1818 1 3 4 6 7 8
1991 1 2 3 4 5 6 7 8
65 1 2 3 8
767 1 2 3 5 6
55 1 2 3 4 5 8
2949 4 5 7
2786 1 2 3 4 5 6 7 8
644 1 2 3 4 5 6 7 8
2276 1 2 4 5 7
2498 1 2 3 4 5 6 7
2866 1 2 4 6 7
981 2 3 4
2594 1 2 3
55 6
2449 1 2 3 4 5 6 7
2517 1 2 3 4 5 6 7 8
2082 1 2 3 4 5 6 7
2655 3 7 8
2177 3 4 6
2583 1 2 3 4 5 6 7
2655 1 2 4 5 6
