369 3
359 2 3 4 5
346 1 2 3 4 5
338 1 2 3 4
334 1 2 3 4 5
326 2 3 4 5
321 1 2 3 4 5
307 1 2 3 4
303 1 2 3 4 5
287 1 2 4 5
250 3
250 1 2 4 5
248 1 2 3 4 5
244 1 2 4 5
200 1 2 3 4 5
169 1 3 4 5
175 1 2 3 4 5
77 2 3 4 5
53 1
53 2 3 4 5
38 1 2 3 4 5
30 1 2 3 5
42 1 2 3 4 5
22 1 2 3 5
18 1 2 3 4 5
10 2 3 4 5
208 1
165 1 3 4 5
81 1 2 3 4 5
73 2 3 4 5
177 1 2 3 4 5
69 2 3 4 5
206 1 2 3 4 5
65 2 3 4 5
89 1 2 3 4 5
61 2 3 4 5
134 5
236 2 3 4 5
270 1 2 3 4 5
232 1 2 4 5
230 1 2 3 4 5
161 1 3 4 5
87 1 2 3 4 5
83 1 2 3 4
1 1 2 3 4 5
107 5
315 2 3 4 5
280 1 2 3 4 5
119 1 2 3 4
131 1 2 3 4 5
113 1 2 3 4
46 1 2 3 4 5
91 5
179 2 3 4 5
240 1 2 3 4 5
134 1 2 3 4
49 1 2 3 4 5
359 1
262 1 2 4 5
272 1 2 3 4 5
254 1 2 4 5
226 1 2 3 4 5
218 2 3 4 5
283 1 2 3 4 5
210 2 3 4 5
195 1 2 3 4 5
187 2 3 4 5
276 1 2 3 4 5
152 1 2 3 4
22 4
142 1 2 3 4
126 1 2 3 4 5
103 1 2 3 4
179 1
295 1 2 3 4
202 1 2 3 4 5
95 1 2 3 4
3 1 2 3 4 5
10 1
208 2 3 4 5
125 1 2 3 4 5
93 1 2 3 4
199 1 2 3 4 5
91 1 2 3 4
9 1 2 3 4 5
7 1 2 3 4
0 1 2 3 4 5
150 5
367 2 3 4 5
358 1 2 3 4 5
356 2 3 4 5
355 1 2 3 4 5
353 2 3 4 5
352 1 2 3 4 5
350 1 2 4 5
325 1 2 3 4 5
173 1 3 4 5
160 1 2 3 4 5
161 2
