36 1 2 3 4 6 8
254 1 2 4 5 7
46 5 8
73 1 2 3 4 5 8
46 1 2 3 6 7
99 1 3 4 5 6 7 8
161 1 2 3 4 5 6 7
115 2 3 5 8
106 3 7
171 6 7
181 1 2 3 4 5 6 7
92 2 5 6 7
188 1 2 3 4 5 6 7 8
240 8
458 1 2 3 4 8
362 1 2 3 4 8
170 1 2 3 4 5 6 7 8
414 2 3 4 5 8
479 1 2 4 5 6 7
292 1 2 3 4 5 6 7 8
195 8
496 1 2 3 4 5 6 7 8
152 1 2 3 4 5 6 7 8
195 5
294 6
515 5 8
281 3 5
189 5 8
239 1 2 4 5 6 7
515 1 2 3 4 6 7
517 2 6 7
539 1 3 4 5 8
449 1 2 3 4 5 6 7
523 1 3 4 5 8
517 1 3 4 5 8
474 1 3 4 5
94 5 6 7
68 1 2 3 4 5 7 8
110 1 4 7
148 1 2 3 4 5 6 7 8
161 8
34 1 2 3 4 6 8
115 6
353 1 2 3 4 5 8
266 1 2 3 4 5 6 7
198 1 2 3 4 5 6 7
226 1 2 4 5 7 8
337 1 2 3 4
337 5 6 7 8
294 1 2 5
273 3 5
208 5
353 7
332 1 2 3 4 5 6 7 8
435 1 2 3 4 5 6 7
362 5 6 7
364 5 6 7
371 1 2 3 4 5 6 7 8
421 2 3 4 5 6 7
25 3 5 7
4 3 4 5 7 8
125 1 2 3 4 5 7 8
189 1 2 3 4 6 7
24 1 2 4 6 8
208 1 2 4 6 7
376 1 2 3 4 5 6
228 3 6
259 3 6 8
243 1 2 3 4 5 6 7
226 3 6
94 2
154 1 2 3 4 5 6 7 8
324 1 2 3 4 5 6 7 8
55 1 2 3 5 6 7
0 3 4 5 7 8
34 5 7
54 4 8
171 1 2 3 4 5 8
208 3 8
294 3 4 7 8
17 3 5 7
106 1 4 5 6 8
0 6
273 1 2 4 6 7 8
20 2 4 6 8
0 1 2
2 2 6
307 1 2 3 4 5 7 8
102 1 3 4 6 7 8
557 1 2 3 4 5 6
396 1 3 4 5 6 7
2 1
73 6 7
132 1 2 3 4 5 6 7 8
110 2 3 5 6 8
6 1
92 1 3 4 8
