1137 5 7
819 1 2 3 5 8
842 2 3 4 8
981 1 2 5 6 7
2016 5 6 7
817 7
1606 1 2 3 4 5 6 7
771 1 2 3 4 5 6 7 8
2101 1 2 3 4 5 6
2196 3 5 6 7 8
2608 1 2 3 4
2986 1 2 3 4 5 6 7 8
2642 2 8
443 1 2
386 1 2 3 4 5
2881 1 4 5 6 8
443 6 7 8
443 3
2817 1 4
1248 4 5 6 7 8
1330 1 2 3 5 6 7
86 1 2 3 5 8
0 1 2 3 4 5 6 7 8
51 3
51 1 2 4 5 6 7 8
2767 1 2 3 4 5 6 7 8
973 1 2 3
1085 1 5 6 7
2489 5
504 1 2 3 4 5 6 7 8
473 4 6 7
567 4
2063 5 6 7 8
2407 1 2 3 4 5
594 1 2 3 4 5 6 7
577 1 2 3 5 6 7 8
373 6
425 6 7 8
2000 1 2 3 4 5 6 7
1919 1 2 3 5 6 7 8
1959 2 3 7
2587 1 2 3 4 5 6
1959 1 4 6 8
105 6 7 8
2288 1 3 4 7 8
2926 2 3 4
2987 1 2 3 4 5 6 7 8
2700 1 2 3 4 5
190 1 2 3 5 6 7 8
1236 1 2 3 4 5 6 7 8
315 1 3 4 5
997 2 3 7 8
243 6 7 8
1426 1 2 3 4 5
743 1 2 3 4 5 6 7
635 1 2 3 4 5 6 7 8
949 1 2 3
737 1 2 3 4 5 6 7
1713 1 2 3 4 5 6
1688 1 2 3 4 5 6
722 1 2 3 4 5 6 7
2535 1 2 3 4
2634 2 4 5 6 7 8
2491 2 3 4 5 6 7 8
243 2
1248 1 3
207 1 2 3 4 5 6 7 8
302 2 6 7
1851 1 2 3 5 6 7
243 1 3
3044 1 2 3 4 5 6 7 8
817 4 6
1739 1 2 3 4 5 6
1791 3 4 5 6 7 8
1791 1
1182 1 2 3 4 5 6
1448 1 2 3 4 5
1056 1 4 5 6
1138 1 3 8
1085 2 3 4 8
1516 1 2 3 4 5 6
2324 1 2 3 4 5
997 1 5 6
2016 1 2 3 4
2981 1 2 3 6 7 8
934 5 6 7 8
842 1 5 6 7
1426 6 7 8
934 1 2 3 4
187 2 3 5 8
105 1 2 3 4 5
567 1 2 3 5 6 8
1651 1 2 3 4 5 6
243 4
86 6
2196 1 2
2998 1 2 3 4 5 6 7 8
296 2 4 5 6 7 8
3490 1 2 3 4 5 6 7 8
243 5
