789 2
1720 1
964 1 2
1564 1
1515 1 2
533 1 2
1423 1
806 2
31 2
753 2
157 2
3632 1 2
3368 2
22 1
2853 1 2
2788 2
3392 1
817 2
1811 1 2
2392 1 2
1564 2
1379 2
316 2
1745 2
881 1 2
1309 1
156 2
1337 1
3469 1 2
3543 1
2788 1
2226 1 2
1854 1 2
1603 1 2
753 1
780 1 2
1182 1
3712 1 2
823 1
685 1 2
1007 1 2
1640 1 2
2672 1 2
2163 2
1442 2
3020 1
2953 1 2
389 1
518 1 2
530 1 2
316 1
438 1 2
122 1 2
364 2
3569 1 2
334 2
83 1
2861 1 2
105 1 2
3020 2
59 1
22 2
271 1 2
156 1
0 1 2
2611 1
2711 1 2
2152 1 2
2163 1
2561 1 2
1720 2
1254 1 2
249 1 2
1287 1 2
162 2
1072 1 2
1157 1
2597 1 2
2468 1 2
2636 1 2
619 1 2
1309 2
853 2
643 1 2
3364 1
2317 1 2
3291 1 2
3109 1 2
1157 2
2436 1 2
3236 1 2
3151 1 2
789 1
3281 1 2
1896 1 2
2060 1 2
2106 1 2
2083 1 2
1981 1 2
2006 1 2
