42 1 2 3 4 5 8
37 6
47 2 3 4 6 7
90 5 6
109 4 5 6 7
87 2 8
114 3 4 5 6 7
101 1 5 6 7 8
76 3 5 6
6 3
36 1 2 4 5 7
79 6 7 8
5 4
54 2 3 4 6 7
59 2 6 7
62 5
4 2 3 4 5 7 8
54 8
76 1 2 4 7 8
69 7
0 4 6 7 8
90 1 7
96 1 3 5
41 1 2 3 4 5 8
8 6
74 3
14 6 8
71 1 2 3 4
50 1 5 8
85 1 2 3 5 6 7 8
19 1 2 3 5 6
7 3
74 1 2 4 7 8
114 1 2
19 4 7
43 2 3 4
19 8
54 1
115 3 4 5 6 7
14 1 7
14 2 3 4 5
9 1 2 8
3 2 3 4 5 7 8
59 4
67 2 3 4 5 7
49 4 6
5 5 6
9 4 5 7
79 1 2 3 4 5
80 1 2 3 4 5
82 6 7 8
86 8
5 1 3 7 8
41 7
88 1 3 5 6 7
91 2 3
0 1 2 3 5
109 1 2 3
13 1 2 3 4 7 8
54 5
62 1 2 3 6 7
31 2 5
106 1 5 6 7
5 2
23 1 2 5 6 7
43 1 5 8
28 6
31 1 3 8
35 8
69 1 2 3 4
31 4 7
97 1 3 5 8
96 2 6 7
100 1 2 3 5 6 7
22 1 2 3 4 5 8
29 6
86 1 3 5 6 7
69 5 6
6 1 4 7 8
26 3 4 8
85 4
106 8
127 8
148 7
169 8
190 8
118 3 4 5 6 7
32 1 3 8
21 1 2 3 5 6 8
91 8
3 1 6
64 1 6
23 3 4 8
46 1 5 8
20 1 2 3 5 6 8
35 3
64 2 3 5 7
101 2 3
28 1 2 5 7
49 2 3 7
