18 2 3 4 5 6 7 8
41 1 3 6 7 8
32 4 6 7 8
122 6
162 1 2 3 4 5 6 7 8
59 2
59 8
198 1 2 3 4 5 6 8
227 1 3 5 8
434 2 3 4 5 6 7 8
0 1 2 5 6 8
112 1 3 4 7
12 2 3 4 5 6 7 8
8 3
122 2 8
149 1 2 3 5 6 7 8
154 2 3 5 6 7 8
214 1 8
141 4
188 1 2 3 4 5 6 7 8
318 2 3 4 5 6 8
234 2 4 6 7
298 1 6 7
198 7
402 3 4 5 6 8
475 1 2 3 4 5 6 7 8
242 1 2 3 4 6
2 3
219 1 4 5 7 8
86 7
145 1 2 3 5 6 7 8
326 1
326 4 5 6 8
522 2 3 4 5 6
560 1 2 3 4 5 6 7
540 6 7 8
603 2 3 4 5 6 7 8
575 6 7 8
59 1 3 4 5 6 7
124 1 3 4 5 7
99 2 4 5
44 2 4 5
142 1 2 3 5 6 7
99 1 6
256 1 2 3 4 5 6 7 8
227 4 6 7
137 1 3 4 5 7
74 1 2 3 4 5 6 7 8
17 1
417 1 2 3 4 5 6 7 8
273 2 3 4 5 7 8
283 1 2 3 4 6 7
169 1 2 3 4 5 6 7 8
309 2 3 4 5 8
298 2 3 4 5 8
240 5 8
165 1 2 3 4 5 6 8
382 1 2 3 4 5 6 7 8
342 1 7 8
313 7
33 1 2 5 6 7
342 2 3 4 5 6
41 2 5
99 3 7 8
37 2 5 6 7
32 3
78 1 2 3 4 5 6 7 8
112 2 5 6 8
134 2 6 8
11 1 2 3 4 5 6 7 8
362 2 3 4 6 7 8
63 2 8
448 1 2 3 4 5 6 8
12 1
38 2 3 5 6 7
0 4 7
374 2 3 4 5 6 7 8
507 1 2 3 5 6 8
494 1 2 3 4 5 6 7
182 1 2 3 4 5 6 7 8
326 2 3 7
251 1 2 3 4 6 7
174 1 2 3 6 7 8
214 2 3 6
0 3
86 1 2 3 4 5 6 8
540 1 2 3 5
465 1 2 3 4 5 6 8
37 1 4 8
623 2 6
339 1 4 5 6 8
575 1 2 3 4 5
623 1 3 4 5 8
395 1 2 3 4 5 6 7 8
4 3
273 1 6
595 1 2 3 4 5 6 7 8
