1591 1 6 7 8
1840 1 3 4 5 6 7 8
869 5 7 8
1520 1 6 7 8
910 5 7 8
512 7
797 6
454 4 6 8
715 1 2 4 5 6 7 8
1 1 2 3 8
122 1 2 5 7
219 2 3 4 5 6 7
51 3 8
2717 1 2 3 6 7
2642 3 4 8
2444 1 5
2571 2 4 6 7 8
2506 2 3 4 5 6 7 8
1791 5 7 8
1754 7 8
2371 1 2 3 4 6 7 8
1768 7 8
454 5
193 1
1578 2 3 4 5
275 1 7 8
4 6 7
156 8
1459 1 2 3 4 5 7 8
1397 1 2 3 4 5 7 8
1237 6 7
1303 1 2 3 4
1196 6
1303 5 6 7 8
1722 1 2 3 4 5 6
1154 1 2 6
1084 1 2 3 5 6 8
686 1 2 4 5 6 7 8
637 1 5 6 8
599 2 4 7
449 4 5 6 8
368 1 4 5 6 7 8
265 2 3 4 5 6
164 3 4 5 6 7
122 3 4 6 8
59 1 4 5 6 7
31 2
1185 3 4 5 7 8
1101 4 7
999 4 8
1011 4
999 1 2 3 5 6 7
869 1 2 3 4
888 1 2 3 4 6
940 1 2 3 4 6
797 1 2 3 4 5 7 8
31 1 3 4 5 8
2330 1 3 4 5 6 7 8
2269 1 2 3 4 5 6
2248 1 2 3 4
2196 1 2 3 4 5 7 8
2104 1 2 6 7 8
1902 1 3 4 5 6 7 8
1978 1 2 3 4 6
1722 7 8
2037 1 2 3 4 6
1784 1 2 3 4 6
1630 2 4 6
1520 2 3 4 5
358 2 3
1 6
0 4 5
1219 1 2 3 4 5 8
637 3
599 1 3 5 6 8
1630 1 3 5 7 8
512 1 2 3 4 6 8
449 1 2 3 7
141 1 2
92 2 3 8
5 1 2 3 4 5 8
1978 7 8
0 1 2 3 6 7 8
2642 1 2 6 7
2444 2 3 4 6 7 8
1944 1 2 3 4 5 7 8
141 5 7
