0 1 2 3 4 5 6 7
76 4 8
654 1 2 3 4 5 6 7
965 1 8
1321 1 2 3 4 5 6 7 8
1263 1 2 3 4
965 3 4 5 6
1802 2 4 5 6 8
1435 7
1058 1 2 3 4 5 6
1915 1 2 3 4 5 6 7 8
1849 1
2009 1 2 3 4 5 6 7 8
1854 3 6 8
1735 4 5 7
2167 1 2 3 4 5 6
2016 7
2251 8
1578 3 4 5
2283 2 4 6 8
2301 1
2301 2 3 4 5 6 8
2385 1 2 4 6
2353 1 2 3 4 5 6 7 8
2385 3 5 8
2529 1 2 3 4 5 6 7 8
2480 1 2 3 4 5 6 7 8
2611 1 2 3 4 5 7 8
1018 2 3 4 5 6 7
2678 1 2 3 4 5 6 7
2753 1 2 3 4 5
2841 1 2 3 4 5 6
2753 7 8
2883 1 2 3 4 5 6 7 8
2938 8
2945 1 2 3
3040 2 3 4 8
2611 6
3084 7
2871 4 5 6 7
1065 6 7
2942 4 7
3084 1 2 3
3258 8
3177 1 2 4 6
3203 1 2 3 4 5 6 7 8
3258 1 2 3
3474 1 2 3 4 5
3560 1 2 3 4 5 6 7
3351 1 2 3 4 5 6 7 8
3085 4 5 6 8
3444 1 2 3
3877 1 2 3 4 5 6
3902 1 2 3 4
3986 1 2 3
1735 1 2
3644 2 3 4 5 6 7
3283 1 2
3644 1
4187 1 2 3 4 5 6 7 8
4210 1 2 3 4 5 6 7 8
77 1 2 3 5 6 7
153 1 2 3 4
187 1 2 3 4 5
325 1 6
336 1 2 3
270 2 5 6
322 1 2 3 4 5 6 7
409 1 7
404 2 4 5 6 8
716 1 2 3 4 5 6 7 8
792 1 6 7
803 1 2 3 4 5 6
871 1 2 5 7
965 2 7
1669 1 2 3 4 5 6 7 8
1178 1 2
0 8
355 1 2 3 4 5 6 7
503 1 3 4 5 8
553 1 2 3 4 5 6 7
563 1 2 3 4 5 6 7 8
501 1 2 3 4 5 6 7 8
653 1 2 3 4 5 6 7
705 1 3 4 5
1149 1 8
792 8
1181 3 4 7 8
871 3 4 6 8
1375 1 2 3 4 5 6 7
1435 1 2 3 4 5
1505 1 2 3 4 5 6 7
1555 1 2 3 4 5
1571 1 2
1648 1
1075 1 2 5
1790 1 3
464 3 4 5 6 8
486 3 6 8
270 1 3 7
