353 2 6
3 2 3 4
1014 1 3 5
524 2 3
691 1 2 5
1091 1 2 3 4 5
910 1 2 3 4 5
321 1 3 4 5
1112 2 3 4 5
161 1 2 3 4 6
1 1 2 3 4 5
272 1 4
772 1 2 3 4 5
1117 1 2 3 4 5 6
688 3 4 6
99 2 3 4
2 1 5
496 1 2 3 5 6
66 1 5 6
326 2 6
272 3 5
524 1 5 6
820 1 2 3 4 5 6
1588 1 2 3 4 5
968 1 2 3 4 5 6
8 1 5
1395 1 2 3 4 5
148 1 2 3 4 5 6
27 4 6
54 1 4 5 6
75 1 5 6
152 1 2 3 4 5
272 2 6
184 1 2 3 4 5 6
375 1 3 5
451 1 2 3 4 5
481 1 2 3 4 5 6
496 4
27 2 3
573 2 3 4
1745 1 2 3 4 5 6
1286 1 2 3 4 5
1891 1 2 3 4 5
1535 1 6
1799 1 2 3 4 5 6
66 4
1489 1 6
1658 2 5
1859 1 2 3 4 5 6
1656 1 6
2134 1 2 3 4 5
1891 6
375 4
1983 2 3
2385 1 2 3 4 5
742 3 4 6
2047 1 4 5 6
2227 1 2 3 4 5 6
1983 1 4 5
2272 1 2 5 6
2329 1 2 5 6
2385 6
2421 4 5
2421 1 6
2433 6
2459 1 2 3 4 5 6
1658 3 4
1229 1 2 3 4 5
624 1 2 3 4 5 6
1301 1 2 3 4 5
2 2 3 4
0 1 2 3 5
0 6
1014 2 4 6
1496 2 3 5
1169 1 2 3 4 5
1236 6
1306 6
