3456 1 3 4 5 6
3789 1 3 5
3708 1 2 3 4 5
4027 1 3 5
3860 1 3 4 5 6
274 2 3 4 5 6
705 2 5 6
5761 1 2 3 4 5
3550 1 2 4 5
3623 3 6
0 2 3 4
5029 2 4
4695 2 3 5 6
5415 2 3 4 6
869 1 4
5265 1 2 4
5580 1 3 5 6
1613 1 3 5 6
1041 1 5
2594 1 2 5
2365 1 2 3 5 6
4507 3 5 6
2513 1 5
787 2 6
3282 1 2 4
1042 2 3 4 6
2283 1 3 6
4117 1 2 3 5
4265 2 3 4 5 6
5495 1 2 4 5
94 1 2 4 5
3280 3 5 6
185 1 2 3 4 5
4959 1 2 3 6
2513 2 3 4 6
4780 1 3 4 5
94 3 6
5188 1 2 3 6
0 1 5 6
1613 2 4
3789 2 4 6
5112 1 2 3 4 6
1707 2 3 4 5 6
3023 2 3 6
2674 3 5 6
5340 1 5
1789 1 2 3 5
4780 2 6
1294 1 2 3 5 6
1871 2 3 4 5 6
4027 4 6
3947 1 2 3 5 6
2206 1 2 3 4 5
2756 2 3 4 5
2041 2 3 6
369 2 3 4 5
2128 1 3 4 5 6
2040 1 4 5
4866 2 5 6
5340 2 3 4 6
2585 3 4 6
1214 2 4 5 6
631 3 4 5
3102 3 6
2756 1 6
963 1 2 3 5 6
3623 1 2 4 5
2674 1 2 4
1962 2 3 4 5
1127 2 4 5 6
4413 2 3 5 6
547 2 3 4 5 6
458 1 3 4 5 6
797 1 3 4 5
705 1 3 4
869 2 3 5 6
4600 1 2 3 4 6
631 1 2 6
4189 1 2 4 6
5029 1 3 5 6
2936 1 3 4 5 6
3196 1 4 5 6
2844 3 4
4853 1 3 4
364 1 6
3364 1 2 4 6
4507 1 2 4
2279 2 4 5
1443 4 6
3102 1 2 4 5
1443 1 2 3 5
1373 2 3 4 5 6
1127 1 3
1530 1 2 3 4 5
2438 1 2 3 4 5
3023 1 4 5
5265 3 5 6
2848 1 2 5 6
3358 3 5
3193 2 3
