467 2 3 5 6 7
558 7
72 3 4 5
702 1 2 3 5 7
1011 1 2 3 4 5 6 7 8
266 2 3 4 6
328 4 7 8
112 1 2 3 4 5 6 7 8
606 8
467 1 4 8
547 8
0 8
213 1 2 3 4 6 7 8
767 1 2 3 4 5 7 8
43 3 4 5 7
260 2 3 4 5 6 7
977 1 3 4 5
977 2 7 8
922 1 2 3 4 5 6 7 8
20 2 6 8
103 1 2 3 4 5 6 7
204 1 2 3 4 5 6 7
131 1 2 3 4 5 6
337 1 2 3 4 5 6
0 7
231 1 2 3 4 5 6 7 8
328 1 2 3 5 6
260 1 8
315 1 5 7
0 1 2 3 4 5 6
20 1
131 7 8
20 3 4 5
851 1 2 3 4 6 7 8
598 2 3 5 6
663 6 8
394 1 2 3 4 5 6 7 8
663 1 2 3 4 5 7
558 2 3 4 5 6
723 1 2 3 4 5 7
