32 7 8
2 4 6 7 8
203 1 3 4 8
2028 1 2 3 4 5 6 7
2427 2 3 4 6 8
42 2 3 4 5 7 8
121 1 2 3 4 5 6 7 8
203 2 5 7
54 1 2 3 4 5 6 7 8
819 7
2800 1 2 3 4
876 5 8
1497 1 2 3 4
1797 1 2 4 5 8
3007 1 2 3 4 5 6 7
2099 1 2 3 4 5 6 7
1041 1 2 3 4 5 6 7 8
1118 1 2 3 4 5 6 7
1938 1 2 3 4 5 6 7 8
1216 1 2 3 4 5 6 7 8
1648 1 2 3 4 5 6 7 8
1727 1 2 3 4 6 7 8
1792 1 2 3 4 5 6 7 8
1873 3 7
0 2 3 5
1127 1 2 3 4 5 6 7 8
2503 1 2 3 4
1304 2 6 7
1873 1 2 4 8
2148 1 2 3 4 5 6 7
2338 1 2 3 4
2657 1 2 3 4 7
3574 1 3 4 5 6
3629 1 2 3 4 5 6 7 8
2338 5 7
3674 6 8
359 1 2 3 5 7 8
445 1 2 5 7 8
469 3 4 6
507 1 2 3 4 5 6
0 1
975 1 2 3 4 5 6 7 8
1669 1 2 3 4 5 6 7 8
2203 1 7
3785 2 3 4 6 8
3767 1 2 4 5 6 7 8
383 4 6
916 1 2 3 4 5 6 7
690 7
691 1 2 3 4 5 6 8
534 7 8
0 4 6 7 8
1230 1 2 3 4 5 6 7 8
3192 1 2 3 4 5 6 7 8
3255 1 2 3 4 7
497 7 8
675 1 2 3 7
2203 2 3 4 5 6 8
1482 1 2 3 4 5
3484 1 2 3 4 5 6 7 8
3390 1 2 3 4 5 6 7 8
62 1 2 3 4 5 6 7 8
347 4 6
629 1 2 3 5 7
629 4 6 8
2841 1 2 3 4 5
686 4 5 6 8
643 1 2 3 5 7
1304 1 3 4 5 8
1358 1 2 3 4 5 6 7 8
2599 1 2 3 4 5 6 7 8
498 1 2 3 4 5 6
1610 1 2 3 4 5 6 7 8
751 2 3 6 7
1376 1 3 5 6 8
1536 5 7
751 1 4 5 8
876 1 2 3 4 6
3099 1 3 4 5 7
3304 1 2 3 4 5 6 7 8
1433 1 2 3 4 5 6 7 8
1482 6 7 8
1587 1 2 3 4 6 8
282 4 6
1797 3 6 7
698 1 2 3 4 5 6 8
212 1 3 4 6 8
820 1 2 4 5 6 8
2720 2 3 4 6 8
2283 1 2 3 4 5 6 8
2800 8
595 2 3 4 5 6
626 2 3 4 5 6 8
1375 2 4 7
317 8
3674 1 2 4 5 7
282 8
284 1 2 3 5 7
32 6
2917 1 2 3 4 5 6 7 8
