123 3 4
899 1 2 3
984 1 2 3
399 4
1017 2 3
1017 1 4
1259 4
1289 4
1519 1 2 3
1545 1 2 3
1640 1 2 3 4
1723 1 3 4
1669 2
1897 1 2 3
1680 2
1791 1 2
1831 1 2 3
2019 2 3
1844 1 2
1962 1 2 4
2019 4
2297 1
153 1 2 3 4
40 1 2 3 4
77 1
126 1 2
207 1 2 3 4
245 1 2 3 4
375 2 3 4
309 1 2 3 4
399 2 3
494 2 3
471 1 4
1129 1 2 3 4
534 4
1259 1 2 3
605 4
1206 1 2 3 4
1347 1 2 3 4
1384 4
1403 2 4
1475 1 2 3
1716 2
2086 2 3 4
1511 4
1669 1 3 4
1791 3 4
1844 3 4
2055 1 2 3
2128 1 2 3
2086 1
2162 1 2 3 4
2203 2 3 4
2297 2 3 4
1608 1 2 3 4
102 2 3 4
2357 2 3 4
2405 1 2 3
2478 1 2 3 4
2563 1 2 3 4
2572 2 3 4
2674 4
2637 3
2637 1 2 4
2684 1 3
2636 1 2 3 4
2744 4
3025 1 2 3 4
2753 1 2
2744 1 2 3
2829 1 2 3 4
2935 1 2
2901 1 2 3 4
2935 4
3023 1 2 3 4
3089 3 4
3216 4
3134 1 2 3 4
375 1
0 1 2 3 4
77 2 3 4
534 1 2 3
576 1 2 3
633 1 2 3
718 3 4
718 1 2
780 1 2
829 1 2 3
899 4
1032 2 3
981 1 2 3 4
1104 1 2 3 4
1115 1 2 3 4
1384 1 3
1455 4
1126 1 2
1444 1 3
1693 2
2213 1 2 3 4
2024 1 4
