60 8
1021 1 2 3 5 6 7 8
1081 2 5 7
331 1 2 3 4 5 6 7
351 6
371 6
411 3 4 5 6 8
651 2 3 4 5 7 8
771 3 4 6 8
0 2
130 2 3 4 6
841 1 2 3 4 5 6 7
271 1 2 3 4 5 6
281 2 6 7
781 1 2 5 7
281 1 3 4 5 8
931 1 2 3 4 5 7
961 1 2 3 4 5 6 7
231 1 2 3 4 5 6 7 8
261 1 2 3 4 5 6 7 8
351 1 2 3 4 5 7 8
461 1 2 3 4 5 6
621 1 3 4 5 8
711 1 2 6 7
441 1 2 7 8
521 1 4 5 8
661 1 2 3 4 5 6 7
881 2 3 5 6
971 1 2 3 4
991 1 2 3 4 5 6 7
441 3 4 5 6
582 1 4 5 6 7
602 2 6 7
631 1 3 4 5 8
771 1 2 5 7
901 1 2 3 4 5 6 7
80 1 2 3 4 6 7
381 2 3 4 6
411 1
40 3 6 7
130 1 8
210 1 2 3 4 5 6 7 8
30 8
60 1 2 3 4 5 6 7
90 2 3 8
1132 1 2 3 5 6 7 8
1162 1 4 5 7
1192 3 4 6 7
911 1 2 3 4 5 6 7 8
931 6 8
1061 1 2 3 4 5 6 7
150 1 2 3 4 5 6 7 8
190 1 5 7
552 1 2 3 4 5 6 7
0 4 5 7 8
10 2 4 5 7 8
532 1 2 3 4 5 6 7
0 1 3 6
711 3 4
1101 1 2 3 4 5 6 8
90 1 4 5 6 7
100 1 2 3 4 5 6 7 8
130 5 7
160 6 7
251 6 7
1031 3 6 8
30 6
831 1 2 3 4 5 6 7
1031 1 2 4 5 7
301 1 2 3 4 5 6
411 2 7
470 7 8
190 2 3 4 8
491 2 3 4 5 7 8
691 1 2 3 6 7
30 1 2 3 4 5
741 1 2 3 4 5 6 7 8
851 1 3 4 5 8
40 1 4 5
381 1 5 7 8
501 1 3 4 6
641 1 2 3 4 5 6 7
651 6
691 4 5 8
80 5 8
160 1 2 3 4 5
431 1 2 3 4 5 6 7
592 1 2 3 4 6 7
801 1 2 5 6 7 8
881 1 4 7 8
