202 2 3 4 5 6
73 1 3 4 7
205 1 2 3 4 5 6
344 1 2
258 1 2 3 4 5 6 7
109 8
413 1 2 3 4 5 6 7
451 1 2 3 4 5 6 7
67 1 3 7
525 1 2 3 4
537 1 2 3 4
577 1 3 4 7
650 1 2
577 2 6 8
650 6 7
889 1 2 3
737 1 2 3 4 5 6 7
784 7
525 5 6 7 8
784 1 2 3 4 5
813 1 2 3 4 5 6
961 1 2 3 4 5
1021 1 2 3 4 5 6 7
954 1 2
1078 1 2 3 4 5 6 7
1088 1 2 3 4 5 6 7
1106 1 2 3 4 5
1167 1
1171 1 2
1252 1 2 3 4
1266 1 2 3 4 5 6 7 8
1344 1 2 3 4 5 6 7
1396 1 2 3 4
1478 1 2 3 4
1528 1 2 3 4 5 6 7
1543 1 2
1571 1 2 3 4 5 6 7
1607 1 2 3 4 5 6
1622 1 2 3 4
1655 1 2 3 4 5 6 7
1688 1 2 3 4
1702 1 2 3 4 5
1714 1 2
1781 1 2 3 4 5 6 7 8
1807 1 2 3 4 5 6 7
1873 1 2 3 4 5
1910 1 2 3 4 5
1966 1 2 3 4 5
2051 1 2 3
2081 1
2100 1 2 3 4 5
0 1
2143 1 2 3
2153 1 2 3 4 5 6
2231 1 2
2264 1 2 3 4 5 6 7
2285 7
2285 1 2 3 4 5
2313 1
2369 1 2 3 4 5
2404 1 2 3 4 5 6
2456 1
2474 1 2 3 4 5 6 7 8
2486 1 2 3 4 5 6
2528 1 2 3 4 5 6 7
2624 1 2 3 4 5 6 7 8
2633 1 2 3 4 5 6 7 8
2675 1 2 3 4 5 6
2719 1
2808 1 2 3 4 5 6 7
2826 1
2859 1 2
2337 1 2 3 4 5 6
2908 1
2935 1 2 3 4 5 6
3007 1 2 3 4 5 6 7 8
3022 1 2
2350 1 2 3 4 5 6
3064 1 2 3 4 5
3127 1 2 3
3117 1
3197 1 2 3 4 5 6 7
3221 1
3287 1 2 3 4
3319 1 2 3 4 5 6 7 8
3340 1 2 3 4 5 6 7 8
3427 1 2 3 4 5 6 7
3454 1 2 3 4
3499 1 2 3 4 5 6
3553 1 2 3
3607 1
3689 1 2 3
3712 1 2 3 4 5 6 7 8
0 2 4 5 8
72 2 5 6 8
109 1 2 3 4 5
124 1 2 3 4 5
124 7
200 1 2 3 4 5 6
3780 1
