0 2 3
45 1 2 3 4 5 6 7 8
106 1 2
150 1 2 3 4 5 6 7 8
220 1 2 3 4 5 6 7 8
273 1 2 3
278 1 2 3 4 5 6
329 1 2 3 4 5
350 1 2 3 4
415 1 2 3 4
460 1 2 3 4 5 6
475 1
508 1 2 3
571 1 2 3 4 5 6
631 1 2 3 4 5
656 1 2 3 4 5 6
695 1 2 3 4 5 6 7 8
723 1 2 3 4 5 6 7 8
728 1 2 3 4 5 6 7
762 1 2
821 1 2
854 1
939 1 2 3
0 1
1003 1 2 3 4 5
1094 1 2 3 4 5 6 7 8
1179 1 2 3
1250 1 2 3 4
1283 1 2
1352 1 2 3 4 5
1429 1 2 3 4 5 6 7 8
1437 1 2 3
1462 1 2 3 4
1543 1 2 3 4 5 6 7 8
1612 1 2 3 4 5 6
1648 1
1698 1 2 3
1756 1 2
1842 1
1857 1 2
1922 1
1969 1
2027 1 2
2099 1
2128 1 2 3 4 5
2173 1
2214 1 2 3 4
2233 1 2 3
2314 1 2 3 4
2395 1 2 3 4 5
2421 1 2 3 4 5 6 7
2484 1 2 3 4 5 6 7
2528 1 2 3 4 5 6 7 8
2558 1 2 3 4 5
2614 1 2 3 4 5 6 7
2661 1 2
2752 1 2 3 4 5
2826 1 2 3 4
2854 1
2907 1 2 3 4 5 6 7
34 1
2962 1 2 3 4
2969 1 2 3
3046 1 2
3114 1 2 3 4
3202 1
3237 1 2 3 4 5 6
3314 1 2 3 4 5 6 7
3366 1 2 3 4
3391 1 2 3 4
3434 1 2 3 4 5 6 7
3477 1 2 3 4 5
3532 1 2 3 4 5 6 7
3587 1 2 3 4
3616 1 2 3 4 5 6
3635 1 2 3 4 5 6 7
3686 1 2 3 4
3747 1 2 3 4 5 6 7
3773 1 2 3
3864 1 2 3 4 5 6
3933 1 2
4028 1 2
4101 1 2 3
4125 1 2 3 4 5
4128 1
4160 1 2 3 4 5 6
4188 1
4202 1 2 3 4 5 6 7
4291 1 2 3 4
4341 1 2
4407 1
4477 1 2 3 4 5
4547 1 2 3 4
4565 1 2
4653 1 2 3
4694 1 2 3 4 5 6 7 8
4753 1 2 3 4 5 6 7
4791 1 2 3 4 5 6 7
4873 1 2 3 4
4890 1 2
