0 2 3 4 5
67 1 2 3
103 1 2 3 4 5 6 7 8
167 1 2 3
235 1 2 3
329 1 2 3 4 5 6
402 1 2 3 4 5
481 1 2 3 4 5 6 7
504 1 2 3 4
580 1 2 3 4 5
587 1 2 3 4 5 6 7 8
678 1 2 3 4 5 6 7 8
683 1 2
769 1
847 1 2 3 4 5
906 1 2
937 1 2 3
988 1 2 3 4 5 6 7 8
1003 1 2 3 4 5
1060 1 2 3
1072 1 2 3 4 5 6 7 8
1146 1 2 3 4 5 6 7 8
1148 1 2 3 4
1198 1
1247 1 2 3
1319 1 2 3 4 5 6 7
1410 1 2 3 4
1459 1 2
1521 1 2
1580 1 2
1612 1 2 3
1642 1 2 3 4 5 6
1664 1 2 3
1667 1 2 3 4 5 6
1703 1 2 3 4 5 6 7 8
1735 1 2
1798 1 2 3 4
1820 1 2 3
1870 1 2
1957 1
2028 1 2 3 4
2123 1 2 3 4 5 6 7
2160 1 2 3 4 5 6 7 8
2216 1 2 3 4 5 6 7
2244 1 2 3 4
2320 1
2408 1 2 3 4
2420 1 2 3 4
2511 1 2
2574 1 2 3 4 5 6 7
2657 1 2 3 4 5
2703 1 2 3 4 5 6 7
2720 1 2 3 4 5 6 7 8
2800 1 2 3 4 5 6
2831 1 2 3 4 5 6
2867 1 2 3 4 5 6
2896 1 2 3 4 5 6 7
2982 1 2
3030 1 2 3 4
3040 1 2 3
3087 1 2 3 4 5 6 7 8
3178 1 2 3 4 5 6
3210 1 2 3 4 5 6
3220 1 2 3 4 5 6 7 8
3280 1 2
3326 1 2 3 4
3365 1 2 3 4 5 6
3441 1 2 3 4 5 6 7 8
3503 1 2 3 4 5 6 7 8
3573 1 2
3643 1 2 3
3714 1 2 3 4 5
3805 1 2 3 4 5
3839 1 2 3 4
3921 1 2 3 4 5 6 7
3972 1 2
4038 1 2 3 4 5
4067 1 2
4079 1 2 3 4 5 6 7
4163 1 2 3
4225 1
4314 1 2 3 4 5 6 7 8
4406 1
4472 1 2 3 4 5 6
4555 1 2 3
4574 1 2 3 4 5 6 7 8
4644 1 2 3 4 5 6
4728 1 2 3 4 5 6
4751 1 2 3 4
4771 1 2 3 4 5 6
4825 1
4896 1 2 3 4
4928 1 2
4986 1 2 3 4 5 6
5040 1
5123 1 2 3 4 5 6 7 8
5158 1 2 3 4 5
5225 1 2 3 4
5277 1 2 3 4
5349 1 2 3 4 5 6 7 8
