0 2 3 4 5
44 1 2 3 4 5 6
49 1 2 3 4 5 6
59 1 2
111 1 2 3 4 5 6 7
125 1 2 3 4 5 6 7
175 1
216 1
244 1 2 3 4 5 6
329 1 2 3 4 5 6 7
386 1 2 3 4 5 6 7 8
423 1 2
463 1 2 3 4 5 6 7
525 1 2 3 4
614 1 2 3 4
666 1 2 3 4 5
728 1
772 1 2 3
791 1
828 1 2
870 1 2 3 4 5 6
919 1 2 3 4 5
981 1 2 3 4
1050 1 2 3 4 5 6 7 8
1088 1 2 3 4 5
1146 1 2 3 4 5 6 7
1169 1 2 3 4 5 6 7 8
1244 1 2 3 4
1283 1 2 3 4 5 6 7 8
1310 1 2 3 4 5 6 7
1314 1 2 3 4 5
1362 1 2 3
1447 1 2
1518 1 2 3 4 5 6
1585 1
1623 1 2 3 4 5 6
1663 1 2 3 4 5 6 7 8
1690 1 2 3 4 5
1692 1
1737 1 2 3 4 5
1741 1 2 3 4 5 6
1835 1 2 3 4 5 6
1840 1 2 3 4 5
1902 1 2 3 4 5 6 7 8
1919 1 2 3
1949 1 2 3 4 5 6
1964 1 2 3 4 5 6 7 8
2029 1 2 3 4 5 6 7 8
2091 1 2 3 4 5 6
2127 1 2 3 4
2213 1 2 3 4
2257 1 2 3 4
2344 1 2 3
2381 1 2 3 4 5 6
2398 1 2 3
2401 1 2 3
2464 1 2 3 4 5 6 7 8
2531 1 2 3 4 5 6 7
2552 1 2 3 4 5
2575 1 2 3 4 5
2585 1 2 3 4 5 6
2673 1 2 3
2693 1 2 3 4 5 6 7 8
2764 1 2 3 4
2843 1 2 3 4 5
2897 1 2 3 4
2973 1 2 3 4 5 6 7 8
3021 1 2
3110 1 2 3 4 5 6 7
3149 1 2 3 4
3213 1 2
3254 1 2 3 4
3294 1
3323 1 2 3 4 5 6 7 8
3327 1 2
3366 1 2 3 4 5 6
3447 1 2 3 4 5 6
3534 1 2 3
3593 1 2
3681 1 2 3 4 5 6 7 8
3765 1 2
3810 1 2 3 4 5 6
3817 1
3866 1 2 3 4 5 6 7
3881 1 2 3 4 5 6
3897 1
0 1
3956 1 2 3 4 5 6
3990 1 2 3 4
4034 1 2 3 4 5
4039 1 2 3 4
4061 1 2 3 4
4125 1
4183 1 2 3 4 5
4239 1
4320 1 2 3 4 5 6 7
4411 1 2 3 4 5 6
4495 1 2 3 4 5
4583 1
4677 1 2 3 4 5 6 7 8
