0 2 3 4 5
8 1 2 3 4 5
45 1
83 1 2
92 1 2 3 4 5 6 7 8
113 1 2 3 4 5 6 7
187 1 2 3 4 5 6 7
195 1 2 3 4
268 1 2 3 4 5 6 7 8
289 1 2 3 4 5 6 7
313 1 2 3
328 1
350 1 2 3
388 1 2
448 1 2 3 4 5 6
464 1 2 3 4 5 6 7 8
497 1 2 3 4 5 6
542 1 2 3
554 1 2 3 4
630 1 2
708 1 2 3 4 5 6 7
730 1 2
815 1 2 3 4 5 6
834 1 2 3
872 1 2
907 1 2
957 1
1032 1 2
1086 1
1166 1 2 3 4 5 6
1207 1 2 3 4 5
1294 1 2 3 4 5
1334 1 2 3 4 5
1387 1 2 3 4 5 6
1447 1
1485 1 2 3 4 5 6
1491 1 2 3
1494 1 2 3 4 5 6 7
1506 1
1579 1 2 3 4 5 6 7
1595 1
1643 1 2 3 4 5 6 7
1683 1 2 3 4 5 6
1764 1 2 3
1799 1
1834 1 2 3 4 5
1857 1 2 3 4 5 6 7 8
1894 1 2 3 4 5 6 7 8
1941 1 2 3
2017 1
2107 1 2 3 4 5 6 7
2137 1 2 3 4
2202 1 2 3 4
2238 1 2 3 4
2324 1 2 3 4 5 6 7 8
2339 1
2365 1 2 3 4 5
2374 1 2 3 4
2408 1 2 3 4
2416 1 2 3 4 5 6 7
2420 1 2
2467 1
2542 1 2 3 4 5 6 7 8
2578 1 2 3 4
2618 1 2
2662 1 2 3 4 5 6 7
2716 1
2746 1 2 3
2755 1 2 3 4 5 6
2797 1
2872 1
2922 1 2 3 4
3002 1 2 3 4 5
3005 1
3060 1 2
3151 1
3220 1
3307 1 2
3360 1 2 3 4 5 6
3418 1 2
3502 1 2 3 4 5 6 7
3584 1 2 3 4 5
3614 1 2 3 4 5 6
3707 1 2 3 4 5
3799 1 2 3 4 5
3831 1 2 3
3865 1 2 3 4 5 6
3957 1 2 3 4 5 6
4007 1
4045 1 2 3 4 5
4056 1
4095 1 2 3 4 5 6 7 8
4169 1 2 3 4 5 6
4238 1
4250 1 2 3
4274 1 2 3 4 5
4324 1
4346 1 2 3 4 5 6 7 8
4439 1 2 3
4459 1 2 3
