0 2 3 4 5 6 7
26 1 2 3 4 5
69 1 2 3 4 5 6
111 1 2 3 4 5
173 1 2 3 4 5 6 7 8
254 1 2 3 4 5 6 7
339 1 2 3 4 5 6 7 8
388 1 2 3 4 5 6
483 1 2 3 4 5 6
524 1 2
557 1 2 3
597 1 2 3
608 1
680 1 2 3 4
774 1 2 3 4 5
817 1 2 3 4
841 1 2 3 4 5
897 1
952 1 2
1022 1 2 3 4 5 6
1117 1 2 3 4 5 6 7 8
1163 1 2 3 4 5 6 7
1258 1
1318 1 2 3 4 5
1329 1 2 3 4 5 6
1373 1 2 3 4 5 6
1421 1 2 3 4 5 6 7
1434 1
1489 1
1561 1 2 3 4 5 6 7
1564 1
1632 1 2 3 4
1690 1 2 3 4 5 6 7 8
1695 1 2 3 4 5 6
1767 1 2 3 4 5 6
1827 1 2 3 4 5 6
1833 1 2 3 4 5
1866 1 2 3 4 5 6 7 8
1912 1 2 3 4 5 6 7 8
2002 1 2 3 4 5 6
2075 1 2 3 4 5
2168 1 2
2250 1 2 3 4 5 6 7
2300 1
2311 1 2 3
2323 1 2 3 4 5
2333 1 2 3 4 5 6 7
2344 1 2 3 4
2412 1 2 3 4 5 6 7 8
2499 1 2 3 4 5 6 7 8
2573 1 2 3 4 5 6
2596 1 2 3 4 5
2644 1 2 3 4 5 6 7
2687 1 2 3 4 5 6
2745 1 2 3
2824 1 2
2840 1
2865 1 2 3 4
2935 1 2 3
2948 1 2 3 4 5
3007 1 2 3 4
3023 1 2 3
3069 1 2 3
3151 1 2 3 4
3220 1 2
3236 1
3285 1 2
3370 1 2 3 4 5 6 7
3456 1 2 3 4 5 6 7
3505 1 2 3 4
3544 1 2 3 4 5 6 7
3627 1 2 3 4
3647 1 2 3 4 5 6 7
3726 1 2 3 4 5
3742 1 2 3 4 5 6 7
3835 1 2 3 4 5 6
3887 1 2
3976 1 2 3 4 5 6 7
4070 1
4092 1 2 3 4 5 6
4139 1 2
4209 1
4234 1 2 3 4 5
4291 1 2 3 4 5
4387 1 2 3
4476 1 2 3 4 5 6
4523 1
4593 1 2 3 4
4636 1 2 3 4 5 6 7
4703 1 2 3 4
4780 1 2 3
4816 1
4903 1 2 3 4 5 6 7
4972 1 2 3 4 5
4984 1 2 3 4
4986 1 2 3 4
5001 1 2 3 4 5 6
5074 1 2 3 4 5 6 7
5077 1 2 3 4 5
5163 1 2 3 4
